Consistency Run 1 | features=['f_pt', 'k_star', 'd_y', 'd_phi', 'cos_theta_star', 'o_cos_psi1', 'o_cos2_psi2', 'f_cos_psi1', 'f_cos2_psi2'] | IN_CHANNELS=9
Dataset: 110758 Omega, 52934 Anti-Omega
DROP_START=0.1 → DROP_MAX=0.4 over 40 epochs | CONS_LAMBDA=0.3
OmegaTransformer: 275,010 parameters
Starting consistency training...

Epoch 001 | drop=0.11 | cls=1.3145 cons=0.0029 | Omega Rec: 0.748 | Anti Rec: 0.470 | A@0.55: 0.305 | Score: 0.2183 | LR: 0.000500 | No-improve: 0/25
Epoch 002 | drop=0.12 | cls=1.2899 cons=0.0034 | Omega Rec: 0.669 | Anti Rec: 0.594 | A@0.55: 0.475 | Score: 0.2637 | LR: 0.000500 | No-improve: 0/25
Epoch 003 | drop=0.12 | cls=1.2817 cons=0.0037 | Omega Rec: 0.660 | Anti Rec: 0.615 | A@0.55: 0.509 | Score: 0.2747 | LR: 0.000500 | No-improve: 0/25
Epoch 004 | drop=0.13 | cls=1.2778 cons=0.0040 | Omega Rec: 0.663 | Anti Rec: 0.615 | A@0.55: 0.512 | Score: 0.2778 | LR: 0.000500 | No-improve: 0/25
Epoch 005 | drop=0.14 | cls=1.2738 cons=0.0045 | Omega Rec: 0.669 | Anti Rec: 0.610 | A@0.55: 0.510 | Score: 0.2797 | LR: 0.000500 | No-improve: 0/25
Epoch 006 | drop=0.15 | cls=1.2709 cons=0.0049 | Omega Rec: 0.668 | Anti Rec: 0.615 | A@0.55: 0.517 | Score: 0.2834 | LR: 0.000500 | No-improve: 0/25
Epoch 007 | drop=0.15 | cls=1.2680 cons=0.0051 | Omega Rec: 0.671 | Anti Rec: 0.614 | A@0.55: 0.518 | Score: 0.2845 | LR: 0.000500 | No-improve: 0/25
Epoch 008 | drop=0.16 | cls=1.2665 cons=0.0056 | Omega Rec: 0.665 | Anti Rec: 0.622 | A@0.55: 0.521 | Score: 0.2872 | LR: 0.000500 | No-improve: 0/25
Epoch 009 | drop=0.17 | cls=1.2648 cons=0.0058 | Omega Rec: 0.665 | Anti Rec: 0.623 | A@0.55: 0.525 | Score: 0.2883 | LR: 0.000500 | No-improve: 0/25
Epoch 010 | drop=0.18 | cls=1.2633 cons=0.0060 | Omega Rec: 0.664 | Anti Rec: 0.627 | A@0.55: 0.527 | Score: 0.2911 | LR: 0.000500 | No-improve: 0/25
Epoch 011 | drop=0.18 | cls=nan cons=0.0062 | Omega Rec: 0.668 | Anti Rec: 0.625 | A@0.55: 0.525 | Score: 0.2932 | LR: 0.000500 | No-improve: 0/25
Epoch 012 | drop=0.19 | cls=1.2622 cons=0.0065 | Omega Rec: 0.663 | Anti Rec: 0.630 | A@0.55: 0.531 | Score: 0.2922 | LR: 0.000500 | No-improve: 0/25
Epoch 013 | drop=0.20 | cls=1.2583 cons=0.0069 | Omega Rec: 0.664 | Anti Rec: 0.629 | A@0.55: 0.531 | Score: 0.2934 | LR: 0.000500 | No-improve: 1/25
Epoch 014 | drop=0.21 | cls=1.2590 cons=0.0072 | Omega Rec: 0.668 | Anti Rec: 0.629 | A@0.55: 0.525 | Score: 0.2976 | LR: 0.000500 | No-improve: 0/25
Epoch 015 | drop=0.21 | cls=1.2565 cons=0.0073 | Omega Rec: 0.666 | Anti Rec: 0.630 | A@0.55: 0.528 | Score: 0.2963 | LR: 0.000500 | No-improve: 0/25
Epoch 016 | drop=0.22 | cls=1.2559 cons=0.0077 | Omega Rec: 0.669 | Anti Rec: 0.628 | A@0.55: 0.527 | Score: 0.2964 | LR: 0.000500 | No-improve: 1/25
Epoch 017 | drop=0.23 | cls=1.2545 cons=0.0080 | Omega Rec: 0.666 | Anti Rec: 0.631 | A@0.55: 0.530 | Score: 0.2972 | LR: 0.000500 | No-improve: 2/25
Epoch 018 | drop=0.24 | cls=1.2542 cons=0.0081 | Omega Rec: 0.671 | Anti Rec: 0.625 | A@0.55: 0.524 | Score: 0.2966 | LR: 0.000500 | No-improve: 3/25
Epoch 019 | drop=0.24 | cls=1.2529 cons=0.0086 | Omega Rec: 0.667 | Anti Rec: 0.633 | A@0.55: 0.531 | Score: 0.3000 | LR: 0.000500 | No-improve: 4/25
Epoch 020 | drop=0.25 | cls=1.2521 cons=0.0089 | Omega Rec: 0.663 | Anti Rec: 0.635 | A@0.55: 0.533 | Score: 0.2981 | LR: 0.000500 | No-improve: 0/25
Epoch 021 | drop=0.26 | cls=1.2520 cons=0.0090 | Omega Rec: 0.665 | Anti Rec: 0.634 | A@0.55: 0.534 | Score: 0.2993 | LR: 0.000500 | No-improve: 1/25
Epoch 022 | drop=0.27 | cls=1.2504 cons=0.0093 | Omega Rec: 0.666 | Anti Rec: 0.632 | A@0.55: 0.532 | Score: 0.2978 | LR: 0.000500 | No-improve: 2/25
Epoch 023 | drop=0.27 | cls=1.2499 cons=0.0096 | Omega Rec: 0.672 | Anti Rec: 0.627 | A@0.55: 0.528 | Score: 0.2987 | LR: 0.000500 | No-improve: 3/25
Epoch 024 | drop=0.28 | cls=1.2508 cons=0.0098 | Omega Rec: 0.674 | Anti Rec: 0.625 | A@0.55: 0.525 | Score: 0.2991 | LR: 0.000500 | No-improve: 4/25
Epoch 025 | drop=0.29 | cls=1.2484 cons=0.0103 | Omega Rec: 0.673 | Anti Rec: 0.627 | A@0.55: 0.526 | Score: 0.3000 | LR: 0.000500 | No-improve: 5/25
Epoch 026 | drop=0.30 | cls=1.2496 cons=0.0104 | Omega Rec: 0.674 | Anti Rec: 0.627 | A@0.55: 0.525 | Score: 0.3007 | LR: 0.000500 | No-improve: 0/25
Epoch 027 | drop=0.30 | cls=1.2485 cons=0.0108 | Omega Rec: 0.671 | Anti Rec: 0.630 | A@0.55: 0.529 | Score: 0.3007 | LR: 0.000500 | No-improve: 0/25
Epoch 028 | drop=0.31 | cls=1.2478 cons=0.0110 | Omega Rec: 0.672 | Anti Rec: 0.630 | A@0.55: 0.530 | Score: 0.3025 | LR: 0.000500 | No-improve: 1/25
Epoch 029 | drop=0.32 | cls=1.2465 cons=0.0112 | Omega Rec: 0.673 | Anti Rec: 0.631 | A@0.55: 0.528 | Score: 0.3033 | LR: 0.000500 | No-improve: 0/25
Epoch 030 | drop=0.33 | cls=1.2462 cons=0.0115 | Omega Rec: 0.676 | Anti Rec: 0.628 | A@0.55: 0.525 | Score: 0.3038 | LR: 0.000500 | No-improve: 0/25
Epoch 031 | drop=0.33 | cls=1.2466 cons=0.0115 | Omega Rec: 0.676 | Anti Rec: 0.630 | A@0.55: 0.527 | Score: 0.3053 | LR: 0.000500 | No-improve: 0/25
Epoch 032 | drop=0.34 | cls=1.2449 cons=0.0122 | Omega Rec: 0.677 | Anti Rec: 0.628 | A@0.55: 0.524 | Score: 0.3046 | LR: 0.000500 | No-improve: 0/25
Epoch 033 | drop=0.35 | cls=1.2467 cons=0.0123 | Omega Rec: 0.676 | Anti Rec: 0.629 | A@0.55: 0.527 | Score: 0.3054 | LR: 0.000500 | No-improve: 1/25
Epoch 034 | drop=0.35 | cls=1.2446 cons=0.0127 | Omega Rec: 0.673 | Anti Rec: 0.631 | A@0.55: 0.529 | Score: 0.3041 | LR: 0.000500 | No-improve: 0/25
Epoch 035 | drop=0.36 | cls=1.2448 cons=0.0127 | Omega Rec: 0.675 | Anti Rec: 0.629 | A@0.55: 0.526 | Score: 0.3037 | LR: 0.000500 | No-improve: 1/25
Epoch 036 | drop=0.37 | cls=1.2443 cons=0.0133 | Omega Rec: 0.677 | Anti Rec: 0.628 | A@0.55: 0.527 | Score: 0.3050 | LR: 0.000500 | No-improve: 2/25
Epoch 037 | drop=0.38 | cls=1.2449 cons=0.0134 | Omega Rec: 0.678 | Anti Rec: 0.627 | A@0.55: 0.526 | Score: 0.3050 | LR: 0.000500 | No-improve: 3/25
Epoch 038 | drop=0.39 | cls=1.2441 cons=0.0139 | Omega Rec: 0.678 | Anti Rec: 0.626 | A@0.55: 0.527 | Score: 0.3038 | LR: 0.000500 | No-improve: 4/25
Epoch 039 | drop=0.39 | cls=1.2445 cons=0.0141 | Omega Rec: 0.679 | Anti Rec: 0.626 | A@0.55: 0.525 | Score: 0.3052 | LR: 0.000250 | No-improve: 5/25
Epoch 040 | drop=0.40 | cls=1.2367 cons=0.0152 | Omega Rec: 0.680 | Anti Rec: 0.624 | A@0.55: 0.524 | Score: 0.3047 | LR: 0.000250 | No-improve: 6/25
Epoch 041 | drop=0.40 | cls=1.2368 cons=0.0155 | Omega Rec: 0.677 | Anti Rec: 0.628 | A@0.55: 0.527 | Score: 0.3049 | LR: 0.000250 | No-improve: 7/25
Epoch 042 | drop=0.40 | cls=1.2352 cons=0.0155 | Omega Rec: 0.677 | Anti Rec: 0.628 | A@0.55: 0.527 | Score: 0.3056 | LR: 0.000250 | No-improve: 8/25
Epoch 043 | drop=0.40 | cls=1.2345 cons=0.0156 | Omega Rec: 0.679 | Anti Rec: 0.628 | A@0.55: 0.527 | Score: 0.3066 | LR: 0.000250 | No-improve: 0/25
Epoch 044 | drop=0.40 | cls=1.2357 cons=0.0155 | Omega Rec: 0.677 | Anti Rec: 0.628 | A@0.55: 0.528 | Score: 0.3058 | LR: 0.000250 | No-improve: 0/25
Epoch 045 | drop=0.40 | cls=1.2354 cons=0.0155 | Omega Rec: 0.679 | Anti Rec: 0.629 | A@0.55: 0.525 | Score: 0.3073 | LR: 0.000250 | No-improve: 1/25
Epoch 046 | drop=0.40 | cls=1.2351 cons=0.0154 | Omega Rec: 0.678 | Anti Rec: 0.631 | A@0.55: 0.526 | Score: 0.3093 | LR: 0.000250 | No-improve: 0/25
Epoch 047 | drop=0.40 | cls=1.2332 cons=0.0156 | Omega Rec: 0.678 | Anti Rec: 0.629 | A@0.55: 0.526 | Score: 0.3070 | LR: 0.000250 | No-improve: 0/25
Epoch 048 | drop=0.40 | cls=1.2335 cons=0.0157 | Omega Rec: 0.680 | Anti Rec: 0.628 | A@0.55: 0.527 | Score: 0.3077 | LR: 0.000250 | No-improve: 1/25
Epoch 049 | drop=0.40 | cls=1.2325 cons=0.0158 | Omega Rec: 0.680 | Anti Rec: 0.628 | A@0.55: 0.527 | Score: 0.3076 | LR: 0.000250 | No-improve: 2/25
Epoch 050 | drop=0.40 | cls=1.2318 cons=0.0158 | Omega Rec: 0.681 | Anti Rec: 0.626 | A@0.55: 0.526 | Score: 0.3068 | LR: 0.000250 | No-improve: 3/25
Epoch 051 | drop=0.40 | cls=1.2331 cons=0.0161 | Omega Rec: 0.678 | Anti Rec: 0.630 | A@0.55: 0.529 | Score: 0.3077 | LR: 0.000250 | No-improve: 4/25
Epoch 052 | drop=0.40 | cls=1.2326 cons=0.0156 | Omega Rec: 0.682 | Anti Rec: 0.626 | A@0.55: 0.524 | Score: 0.3081 | LR: 0.000125 | No-improve: 5/25
Epoch 053 | drop=0.40 | cls=1.2291 cons=0.0161 | Omega Rec: 0.680 | Anti Rec: 0.627 | A@0.55: 0.527 | Score: 0.3060 | LR: 0.000125 | No-improve: 6/25
Epoch 054 | drop=0.40 | cls=1.2293 cons=0.0161 | Omega Rec: 0.680 | Anti Rec: 0.627 | A@0.55: 0.527 | Score: 0.3065 | LR: 0.000125 | No-improve: 7/25
Epoch 055 | drop=0.40 | cls=1.2278 cons=0.0162 | Omega Rec: 0.679 | Anti Rec: 0.629 | A@0.55: 0.530 | Score: 0.3084 | LR: 0.000125 | No-improve: 8/25
Epoch 056 | drop=0.40 | cls=1.2282 cons=0.0164 | Omega Rec: 0.681 | Anti Rec: 0.628 | A@0.55: 0.529 | Score: 0.3088 | LR: 0.000125 | No-improve: 9/25
Epoch 057 | drop=0.40 | cls=1.2282 cons=0.0163 | Omega Rec: 0.680 | Anti Rec: 0.629 | A@0.55: 0.530 | Score: 0.3086 | LR: 0.000125 | No-improve: 10/25
Epoch 058 | drop=0.40 | cls=1.2280 cons=0.0163 | Omega Rec: 0.678 | Anti Rec: 0.630 | A@0.55: 0.530 | Score: 0.3089 | LR: 0.000063 | No-improve: 11/25
Epoch 059 | drop=0.40 | cls=1.2263 cons=0.0169 | Omega Rec: 0.679 | Anti Rec: 0.630 | A@0.55: 0.530 | Score: 0.3091 | LR: 0.000063 | No-improve: 12/25
Epoch 060 | drop=0.40 | cls=1.2247 cons=0.0166 | Omega Rec: 0.681 | Anti Rec: 0.627 | A@0.55: 0.528 | Score: 0.3082 | LR: 0.000063 | No-improve: 13/25
Epoch 061 | drop=0.40 | cls=1.2252 cons=0.0168 | Omega Rec: 0.682 | Anti Rec: 0.626 | A@0.55: 0.528 | Score: 0.3082 | LR: 0.000063 | No-improve: 14/25
Epoch 062 | drop=0.40 | cls=1.2233 cons=0.0170 | Omega Rec: 0.680 | Anti Rec: 0.629 | A@0.55: 0.529 | Score: 0.3090 | LR: 0.000063 | No-improve: 15/25
Epoch 063 | drop=0.40 | cls=nan cons=0.0166 | Omega Rec: 0.681 | Anti Rec: 0.627 | A@0.55: 0.527 | Score: 0.3088 | LR: 0.000063 | No-improve: 16/25
Epoch 064 | drop=0.40 | cls=1.2259 cons=0.0167 | Omega Rec: 0.681 | Anti Rec: 0.629 | A@0.55: 0.529 | Score: 0.3101 | LR: 0.000063 | No-improve: 17/25
Epoch 065 | drop=0.40 | cls=1.2248 cons=0.0166 | Omega Rec: 0.682 | Anti Rec: 0.627 | A@0.55: 0.527 | Score: 0.3091 | LR: 0.000063 | No-improve: 0/25
Epoch 066 | drop=0.40 | cls=1.2243 cons=0.0168 | Omega Rec: 0.683 | Anti Rec: 0.626 | A@0.55: 0.527 | Score: 0.3095 | LR: 0.000063 | No-improve: 1/25
Epoch 067 | drop=0.40 | cls=1.2250 cons=0.0169 | Omega Rec: 0.684 | Anti Rec: 0.626 | A@0.55: 0.527 | Score: 0.3095 | LR: 0.000063 | No-improve: 2/25
Epoch 068 | drop=0.40 | cls=1.2243 cons=0.0167 | Omega Rec: 0.683 | Anti Rec: 0.627 | A@0.55: 0.527 | Score: 0.3096 | LR: 0.000063 | No-improve: 3/25
Epoch 069 | drop=0.40 | cls=1.2223 cons=0.0171 | Omega Rec: 0.682 | Anti Rec: 0.627 | A@0.55: 0.528 | Score: 0.3091 | LR: 0.000063 | No-improve: 4/25
Epoch 070 | drop=0.40 | cls=1.2248 cons=0.0168 | Omega Rec: 0.681 | Anti Rec: 0.628 | A@0.55: 0.528 | Score: 0.3091 | LR: 0.000031 | No-improve: 5/25
Epoch 071 | drop=0.40 | cls=1.2234 cons=0.0168 | Omega Rec: 0.682 | Anti Rec: 0.628 | A@0.55: 0.526 | Score: 0.3097 | LR: 0.000031 | No-improve: 6/25
Epoch 072 | drop=0.40 | cls=1.2223 cons=0.0169 | Omega Rec: 0.682 | Anti Rec: 0.627 | A@0.55: 0.529 | Score: 0.3090 | LR: 0.000031 | No-improve: 7/25
Epoch 073 | drop=0.40 | cls=1.2226 cons=0.0170 | Omega Rec: 0.683 | Anti Rec: 0.626 | A@0.55: 0.528 | Score: 0.3087 | LR: 0.000031 | No-improve: 8/25
Epoch 074 | drop=0.40 | cls=1.2234 cons=0.0170 | Omega Rec: 0.684 | Anti Rec: 0.627 | A@0.55: 0.527 | Score: 0.3104 | LR: 0.000031 | No-improve: 9/25
Epoch 075 | drop=0.40 | cls=1.2222 cons=0.0172 | Omega Rec: 0.684 | Anti Rec: 0.626 | A@0.55: 0.527 | Score: 0.3097 | LR: 0.000031 | No-improve: 0/25
Epoch 076 | drop=0.40 | cls=1.2229 cons=0.0169 | Omega Rec: 0.684 | Anti Rec: 0.627 | A@0.55: 0.526 | Score: 0.3101 | LR: 0.000031 | No-improve: 1/25
Epoch 077 | drop=0.40 | cls=1.2222 cons=0.0170 | Omega Rec: 0.684 | Anti Rec: 0.626 | A@0.55: 0.527 | Score: 0.3094 | LR: 0.000031 | No-improve: 2/25
Epoch 078 | drop=0.40 | cls=1.2241 cons=0.0168 | Omega Rec: 0.684 | Anti Rec: 0.625 | A@0.55: 0.527 | Score: 0.3087 | LR: 0.000031 | No-improve: 3/25
Epoch 079 | drop=0.40 | cls=1.2219 cons=0.0170 | Omega Rec: 0.683 | Anti Rec: 0.627 | A@0.55: 0.526 | Score: 0.3098 | LR: 0.000031 | No-improve: 4/25
Epoch 080 | drop=0.40 | cls=1.2227 cons=0.0172 | Omega Rec: 0.682 | Anti Rec: 0.627 | A@0.55: 0.527 | Score: 0.3088 | LR: 0.000016 | No-improve: 5/25
Epoch 081 | drop=0.40 | cls=1.2219 cons=0.0171 | Omega Rec: 0.683 | Anti Rec: 0.627 | A@0.55: 0.526 | Score: 0.3094 | LR: 0.000016 | No-improve: 6/25
Epoch 082 | drop=0.40 | cls=1.2209 cons=0.0173 | Omega Rec: 0.682 | Anti Rec: 0.628 | A@0.55: 0.528 | Score: 0.3094 | LR: 0.000016 | No-improve: 7/25
Epoch 083 | drop=0.40 | cls=1.2213 cons=0.0172 | Omega Rec: 0.683 | Anti Rec: 0.626 | A@0.55: 0.527 | Score: 0.3089 | LR: 0.000016 | No-improve: 8/25
Epoch 084 | drop=0.40 | cls=1.2213 cons=0.0173 | Omega Rec: 0.683 | Anti Rec: 0.627 | A@0.55: 0.526 | Score: 0.3095 | LR: 0.000016 | No-improve: 9/25
Epoch 085 | drop=0.40 | cls=1.2202 cons=0.0174 | Omega Rec: 0.683 | Anti Rec: 0.626 | A@0.55: 0.524 | Score: 0.3091 | LR: 0.000016 | No-improve: 10/25
Epoch 086 | drop=0.40 | cls=1.2211 cons=0.0173 | Omega Rec: 0.682 | Anti Rec: 0.628 | A@0.55: 0.527 | Score: 0.3095 | LR: 0.000008 | No-improve: 11/25
Epoch 087 | drop=0.40 | cls=1.2211 cons=0.0174 | Omega Rec: 0.683 | Anti Rec: 0.627 | A@0.55: 0.525 | Score: 0.3098 | LR: 0.000008 | No-improve: 12/25
Epoch 088 | drop=0.40 | cls=1.2207 cons=0.0174 | Omega Rec: 0.683 | Anti Rec: 0.627 | A@0.55: 0.526 | Score: 0.3092 | LR: 0.000008 | No-improve: 13/25
Epoch 089 | drop=0.40 | cls=1.2225 cons=0.0173 | Omega Rec: 0.682 | Anti Rec: 0.627 | A@0.55: 0.526 | Score: 0.3092 | LR: 0.000008 | No-improve: 14/25
Epoch 090 | drop=0.40 | cls=1.2206 cons=0.0175 | Omega Rec: 0.682 | Anti Rec: 0.627 | A@0.55: 0.526 | Score: 0.3089 | LR: 0.000008 | No-improve: 15/25
Epoch 091 | drop=0.40 | cls=1.2214 cons=0.0174 | Omega Rec: 0.683 | Anti Rec: 0.627 | A@0.55: 0.526 | Score: 0.3101 | LR: 0.000008 | No-improve: 16/25
