GRL Run 8 | features=['k_star', 'd_y', 'd_phi', 'cos_theta_star', 'd_y_signed'] | IN_CHANNELS=5 | target Anti recall=0.90
Dataset: 110758 Omega, 52931 Anti-Omega
ADV_LAMBDA=2.0 | GRL_N_BINS=5 (within-class) | GRL_ALPHA_MAX=1.0 | pretrain=15 epochs | sigmoidal schedule
OmegaTransformerGRL: 279,047 parameters
Pre-train phase: 15 epochs (alpha=0, classifier only)

── Baseline multiplicity debiasing check (random init) ──
Multiplicity debiasing probe: acc=0.3235 (chance=0.2000) → NOT debiased

Starting GRL training...

Epoch 001 | α=0.000 λ=0.0000 | cls=1.0178 adv=1.6098/1.6094 | O@A=0.90: 0.574 (t=0.16, A=0.901) | Argmax: O=0.962 A=0.342 Score=0.3045 | LR: 0.000500 | No-improve: 0/25
Epoch 002 | α=0.000 λ=0.0000 | cls=0.9776 adv=1.6094/1.6094 | O@A=0.90: 0.609 (t=0.22, A=0.900) | Argmax: O=0.873 A=0.625 Score=0.4983 | LR: 0.000500 | No-improve: 0/25
Epoch 003 | α=0.000 λ=0.0000 | cls=0.9643 adv=1.6094/1.6094 | O@A=0.90: 0.618 (t=0.22, A=0.900) | Argmax: O=0.845 A=0.683 Score=0.5280 | LR: 0.000500 | No-improve: 0/25
Epoch 004 | α=0.000 λ=0.0000 | cls=0.9553 adv=1.6094/1.6094 | O@A=0.90: 0.622 (t=0.22, A=0.900) | Argmax: O=0.837 A=0.696 Score=0.5333 | LR: 0.000500 | No-improve: 0/25
Epoch 005 | α=0.000 λ=0.0000 | cls=0.9501 adv=1.6094/1.6094 | O@A=0.90: 0.626 (t=0.22, A=0.900) | Argmax: O=0.836 A=0.704 Score=0.5396 | LR: 0.000500 | No-improve: 0/25
Epoch 006 | α=0.000 λ=0.0000 | cls=0.9450 adv=1.6094/1.6094 | O@A=0.90: 0.625 (t=0.23, A=0.900) | Argmax: O=0.834 A=0.708 Score=0.5415 | LR: 0.000500 | No-improve: 0/25
Epoch 007 | α=0.000 λ=0.0000 | cls=0.9444 adv=1.6094/1.6094 | O@A=0.90: 0.626 (t=0.23, A=0.900) | Argmax: O=0.836 A=0.705 Score=0.5403 | LR: 0.000500 | No-improve: 0/25
Epoch 008 | α=0.000 λ=0.0000 | cls=0.9408 adv=1.6094/1.6094 | O@A=0.90: 0.625 (t=0.22, A=0.900) | Argmax: O=0.838 A=0.703 Score=0.5408 | LR: 0.000500 | No-improve: 0/25
Epoch 009 | α=0.000 λ=0.0000 | cls=0.9380 adv=1.6094/1.6094 | O@A=0.90: 0.626 (t=0.22, A=0.900) | Argmax: O=0.838 A=0.703 Score=0.5409 | LR: 0.000500 | No-improve: 0/25
Epoch 010 | α=0.000 λ=0.0000 | cls=0.9363 adv=1.6094/1.6094 | O@A=0.90: 0.628 (t=0.23, A=0.900) | Argmax: O=0.837 A=0.704 Score=0.5405 | LR: 0.000500 | No-improve: 0/25
Epoch 011 | α=0.000 λ=0.0000 | cls=0.9365 adv=1.6094/1.6094 | O@A=0.90: 0.627 (t=0.22, A=0.900) | Argmax: O=0.840 A=0.700 Score=0.5394 | LR: 0.000500 | No-improve: 0/25
Epoch 012 | α=0.000 λ=0.0000 | cls=0.9358 adv=1.6094/1.6094 | O@A=0.90: 0.628 (t=0.22, A=0.900) | Argmax: O=0.840 A=0.700 Score=0.5395 | LR: 0.000500 | No-improve: 0/25
Epoch 013 | α=0.000 λ=0.0000 | cls=0.9328 adv=1.6094/1.6094 | O@A=0.90: 0.629 (t=0.22, A=0.900) | Argmax: O=0.841 A=0.698 Score=0.5391 | LR: 0.000500 | No-improve: 0/25
Epoch 014 | α=0.000 λ=0.0000 | cls=0.9321 adv=1.6094/1.6094 | O@A=0.90: 0.630 (t=0.22, A=0.900) | Argmax: O=0.842 A=0.698 Score=0.5391 | LR: 0.000500 | No-improve: 0/25
Epoch 015 | α=0.000 λ=0.0000 | cls=0.9319 adv=1.6094/1.6094 | O@A=0.90: 0.628 (t=0.22, A=0.900) | Argmax: O=0.843 A=0.696 Score=0.5384 | LR: 0.000500 | No-improve: 0/25

[Epoch 16] GRL phase start — LR reset to 0.0005

Epoch 016 | α=0.027 λ=2.0000 | cls=0.9331 adv=1.2887/1.6094 | O@A=0.90: 0.632 (t=0.22, A=0.900) | Argmax: O=0.841 A=0.700 Score=0.5412 | LR: 0.000500 | No-improve: 0/25
Epoch 017 | α=0.054 λ=2.0000 | cls=0.9359 adv=1.2700/1.6094 | O@A=0.90: 0.627 (t=0.21, A=0.900) | Argmax: O=0.841 A=0.698 Score=0.5386 | LR: 0.000500 | No-improve: 0/25
Epoch 018 | α=0.081 λ=2.0000 | cls=0.9460 adv=1.3597/1.6094 | O@A=0.90: 0.614 (t=0.26, A=0.900) | Argmax: O=0.832 A=0.705 Score=0.5367 | LR: 0.000500 | No-improve: 0/25
Epoch 019 | α=0.108 λ=2.0000 | cls=0.9508 adv=1.3835/1.6094 | O@A=0.90: 0.609 (t=0.22, A=0.900) | Argmax: O=0.840 A=0.692 Score=0.5311 | LR: 0.000500 | No-improve: 0/25
Epoch 020 | α=0.134 λ=2.0000 | cls=0.9657 adv=1.5047/1.6094 | O@A=0.90: 0.609 (t=0.25, A=0.900) | Argmax: O=0.830 A=0.705 Score=0.5351 | LR: 0.000500 | No-improve: 0/25
Epoch 021 | α=0.161 λ=2.0000 | cls=0.9664 adv=1.4706/1.6094 | O@A=0.90: 0.619 (t=0.28, A=0.900) | Argmax: O=0.875 A=0.630 Score=0.5043 | LR: 0.000500 | No-improve: 0/25
Epoch 022 | α=0.187 λ=2.0000 | cls=0.9856 adv=1.6508/1.6094 | O@A=0.90: 0.431 (t=0.23, A=0.900) | Argmax: O=0.835 A=0.632 Score=0.4670 | LR: 0.000250 | [CONSTRAINED] No-improve: 0/25
Epoch 023 | α=0.213 λ=2.0000 | cls=0.9739 adv=1.6704/1.6094 | O@A=0.90: 0.553 (t=0.24, A=0.901) | Argmax: O=0.871 A=0.609 Score=0.4799 | LR: 0.000250 | [CONSTRAINED] No-improve: 0/25
Epoch 024 | α=0.239 λ=2.0000 | cls=0.9790 adv=1.7111/1.6094 | O@A=0.90: 0.489 (t=0.15, A=0.900) | Argmax: O=0.924 A=0.427 Score=0.3518 | LR: 0.000250 | [CONSTRAINED] No-improve: 0/25
Epoch 025 | α=0.264 λ=2.0000 | cls=0.9642 adv=1.5798/1.6094 | O@A=0.90: 0.561 (t=0.22, A=0.900) | Argmax: O=0.828 A=0.650 Score=0.4774 | LR: 0.000250 | [CONSTRAINED] No-improve: 1/25
Epoch 026 | α=0.289 λ=2.0000 | cls=0.9719 adv=1.6475/1.6094 | O@A=0.90: 0.595 (t=0.16, A=0.900) | Argmax: O=0.885 A=0.587 Score=0.4713 | LR: 0.000250 | [CONSTRAINED] No-improve: 0/25
Epoch 027 | α=0.313 λ=2.0000 | cls=0.9653 adv=1.6533/1.6094 | O@A=0.90: 0.562 (t=0.33, A=0.900) | Argmax: O=0.867 A=0.573 Score=0.4397 | LR: 0.000250 | [CONSTRAINED] No-improve: 0/25
Epoch 028 | α=0.338 λ=2.0000 | cls=0.9661 adv=1.6237/1.6094 | O@A=0.90: 0.569 (t=0.08, A=0.900) | Argmax: O=0.882 A=0.603 Score=0.4853 | LR: 0.000125 | [CONSTRAINED] No-improve: 1/25
Epoch 029 | α=0.361 λ=2.0000 | cls=0.9518 adv=1.5757/1.6094 | O@A=0.90: 0.595 (t=0.12, A=0.900) | Argmax: O=0.884 A=0.611 Score=0.4949 | LR: 0.000125 | [CONSTRAINED] No-improve: 2/25
Epoch 030 | α=0.385 λ=2.0000 | cls=0.9550 adv=1.6108/1.6094 | O@A=0.90: 0.387 (t=0.29, A=0.900) | Argmax: O=0.753 A=0.712 Score=0.4654 | LR: 0.000125 | [CONSTRAINED] No-improve: 0/25
Epoch 031 | α=0.407 λ=2.0000 | cls=0.9521 adv=1.5988/1.6094 | O@A=0.90: 0.412 (t=0.18, A=0.900) | Argmax: O=0.892 A=0.588 Score=0.4801 | LR: 0.000125 | [CONSTRAINED] No-improve: 1/25
Epoch 032 | α=0.430 λ=2.0000 | cls=0.9499 adv=1.5855/1.6094 | O@A=0.90: 0.620 (t=0.17, A=0.900) | Argmax: O=0.892 A=0.598 Score=0.4906 | LR: 0.000125 | [CONSTRAINED] No-improve: 2/25
Epoch 033 | α=0.451 λ=2.0000 | cls=0.9542 adv=1.6051/1.6094 | O@A=0.90: 0.616 (t=0.26, A=0.900) | Argmax: O=0.940 A=0.450 Score=0.3900 | LR: 0.000125 | [CONSTRAINED] No-improve: 0/25
Epoch 034 | α=0.473 λ=2.0000 | cls=0.9467 adv=1.5700/1.6094 | O@A=0.90: 0.445 (t=0.24, A=0.900) | Argmax: O=0.913 A=0.548 Score=0.4604 | LR: 0.000063 | [CONSTRAINED] No-improve: 1/25
Epoch 035 | α=0.493 λ=2.0000 | cls=0.9450 adv=1.5921/1.6094 | O@A=0.90: 0.476 (t=0.18, A=0.900) | Argmax: O=0.900 A=0.578 Score=0.4776 | LR: 0.000063 | [CONSTRAINED] No-improve: 2/25
Epoch 036 | α=0.514 λ=2.0000 | cls=0.9512 adv=1.5846/1.6094 | O@A=0.90: 0.621 (t=0.15, A=0.899) | Argmax: O=0.897 A=0.588 Score=0.4846 | LR: 0.000063 | [CONSTRAINED] No-improve: 3/25
Epoch 037 | α=0.533 λ=2.0000 | cls=0.9522 adv=1.6096/1.6094 | O@A=0.90: 0.424 (t=0.22, A=0.899) | Argmax: O=0.836 A=0.643 Score=0.4788 | LR: 0.000063 | [CONSTRAINED] No-improve: 0/25
Epoch 038 | α=0.552 λ=2.0000 | cls=0.9438 adv=1.5866/1.6094 | O@A=0.90: 0.615 (t=0.26, A=0.900) | Argmax: O=0.845 A=0.691 Score=0.5359 | LR: 0.000063 | [CONSTRAINED] No-improve: 1/25
Epoch 039 | α=0.571 λ=2.0000 | cls=0.9465 adv=1.6004/1.6094 | O@A=0.90: 0.593 (t=0.16, A=0.900) | Argmax: O=0.876 A=0.632 Score=0.5076 | LR: 0.000063 | [CONSTRAINED] No-improve: 2/25
Epoch 040 | α=0.589 λ=2.0000 | cls=0.9430 adv=1.5797/1.6094 | O@A=0.90: 0.619 (t=0.17, A=0.900) | Argmax: O=0.867 A=0.651 Score=0.5180 | LR: 0.000031 | [CONSTRAINED] No-improve: 3/25
Epoch 041 | α=0.606 λ=2.0000 | cls=0.9401 adv=1.6035/1.6094 | O@A=0.90: 0.594 (t=0.19, A=0.900) | Argmax: O=0.862 A=0.656 Score=0.5183 | LR: 0.000031 | [CONSTRAINED] No-improve: 4/25
Epoch 042 | α=0.623 λ=2.0000 | cls=0.9378 adv=1.5905/1.6094 | O@A=0.90: 0.625 (t=0.19, A=0.900) | Argmax: O=0.853 A=0.679 Score=0.5322 | LR: 0.000031 | [CONSTRAINED] No-improve: 5/25
Epoch 043 | α=0.639 λ=2.0000 | cls=0.9382 adv=1.5740/1.6094 | O@A=0.90: 0.626 (t=0.20, A=0.900) | Argmax: O=0.857 A=0.672 Score=0.5294 | LR: 0.000031 | [CONSTRAINED] No-improve: 0/25
Epoch 044 | α=0.655 λ=2.0000 | cls=0.9460 adv=1.5818/1.6094 | O@A=0.90: 0.467 (t=0.35, A=0.900) | Argmax: O=0.814 A=0.735 Score=0.5484 | LR: 0.000031 | [CONSTRAINED] No-improve: 0/25
Epoch 045 | α=0.670 λ=2.0000 | cls=0.9466 adv=1.5995/1.6094 | O@A=0.90: 0.590 (t=0.35, A=0.900) | Argmax: O=0.800 A=0.724 Score=0.5243 | LR: 0.000031 | [CONSTRAINED] No-improve: 1/25
Epoch 046 | α=0.685 λ=2.0000 | cls=0.9574 adv=1.6699/1.6094 | O@A=0.90: 0.546 (t=0.24, A=0.900) | Argmax: O=0.837 A=0.701 Score=0.5386 | LR: 0.000016 | [CONSTRAINED] No-improve: 2/25
Epoch 047 | α=0.699 λ=2.0000 | cls=0.9435 adv=1.6004/1.6094 | O@A=0.90: 0.614 (t=0.17, A=0.900) | Argmax: O=0.845 A=0.693 Score=0.5376 | LR: 0.000016 | [CONSTRAINED] No-improve: 3/25
Epoch 048 | α=0.712 λ=2.0000 | cls=0.9579 adv=1.6507/1.6094 | O@A=0.90: 0.549 (t=0.27, A=0.900) | Argmax: O=0.819 A=0.703 Score=0.5218 | LR: 0.000016 | [CONSTRAINED] No-improve: 4/25
Epoch 049 | α=0.725 λ=2.0000 | cls=0.9512 adv=1.5771/1.6094 | O@A=0.90: 0.624 (t=0.27, A=0.899) | Argmax: O=0.801 A=0.748 Score=0.5491 | LR: 0.000016 | [CONSTRAINED] No-improve: 5/25
Epoch 050 | α=0.738 λ=2.0000 | cls=0.9442 adv=1.5647/1.6094 | O@A=0.90: 0.626 (t=0.23, A=0.900) | Argmax: O=0.797 A=0.761 Score=0.5585 | LR: 0.000016 | [CONSTRAINED] No-improve: 6/25
Epoch 051 | α=0.750 λ=2.0000 | cls=0.9440 adv=1.6225/1.6094 | O@A=0.90: 0.606 (t=0.32, A=0.900) | Argmax: O=0.768 A=0.791 Score=0.5589 | LR: 0.000016 | [CONSTRAINED] No-improve: 7/25
Epoch 052 | α=0.762 λ=2.0000 | cls=0.9397 adv=1.6325/1.6094 | O@A=0.90: 0.625 (t=0.13, A=0.900) | Argmax: O=0.885 A=0.610 Score=0.4954 | LR: 0.000008 | [CONSTRAINED] No-improve: 8/25
Epoch 053 | α=0.773 λ=2.0000 | cls=0.9362 adv=1.6160/1.6094 | O@A=0.90: 0.626 (t=0.15, A=0.900) | Argmax: O=0.865 A=0.659 Score=0.5234 | LR: 0.000008 | [CONSTRAINED] No-improve: 9/25
Epoch 054 | α=0.783 λ=2.0000 | cls=0.9340 adv=1.6025/1.6094 | O@A=0.90: 0.629 (t=0.17, A=0.900) | Argmax: O=0.854 A=0.676 Score=0.5306 | LR: 0.000008 | [CONSTRAINED] No-improve: 10/25
Epoch 055 | α=0.794 λ=2.0000 | cls=0.9359 adv=1.5998/1.6094 | O@A=0.90: 0.628 (t=0.18, A=0.900) | Argmax: O=0.846 A=0.689 Score=0.5351 | LR: 0.000008 | [CONSTRAINED] No-improve: 0/25
Epoch 056 | α=0.803 λ=2.0000 | cls=0.9324 adv=1.5875/1.6094 | O@A=0.90: 0.630 (t=0.20, A=0.900) | Argmax: O=0.840 A=0.700 Score=0.5400 | LR: 0.000008 | [CONSTRAINED] No-improve: 1/25
Epoch 057 | α=0.813 λ=2.0000 | cls=0.9342 adv=1.5797/1.6094 | O@A=0.90: 0.629 (t=0.23, A=0.900) | Argmax: O=0.842 A=0.698 Score=0.5401 | LR: 0.000008 | [CONSTRAINED] No-improve: 0/25
Epoch 058 | α=0.822 λ=2.0000 | cls=0.9328 adv=1.5785/1.6094 | O@A=0.90: 0.628 (t=0.26, A=0.900) | Argmax: O=0.844 A=0.695 Score=0.5388 | LR: 0.000004 | [CONSTRAINED] No-improve: 1/25
Epoch 059 | α=0.830 λ=2.0000 | cls=0.9359 adv=1.5847/1.6094 | O@A=0.90: 0.630 (t=0.24, A=0.900) | Argmax: O=0.844 A=0.695 Score=0.5397 | LR: 0.000004 | [CONSTRAINED] No-improve: 2/25
Epoch 060 | α=0.839 λ=2.0000 | cls=0.9370 adv=1.5843/1.6094 | O@A=0.90: 0.629 (t=0.24, A=0.900) | Argmax: O=0.843 A=0.698 Score=0.5406 | LR: 0.000004 | [CONSTRAINED] No-improve: 0/25
Epoch 061 | α=0.846 λ=2.0000 | cls=0.9359 adv=1.5790/1.6094 | O@A=0.90: 0.629 (t=0.23, A=0.900) | Argmax: O=0.843 A=0.696 Score=0.5397 | LR: 0.000004 | [CONSTRAINED] No-improve: 1/25
Epoch 062 | α=0.854 λ=2.0000 | cls=0.9319 adv=1.5782/1.6094 | O@A=0.90: 0.628 (t=0.23, A=0.900) | Argmax: O=0.843 A=0.697 Score=0.5391 | LR: 0.000004 | [CONSTRAINED] No-improve: 2/25
Epoch 063 | α=0.861 λ=2.0000 | cls=0.9327 adv=1.5762/1.6094 | O@A=0.90: 0.629 (t=0.23, A=0.900) | Argmax: O=0.843 A=0.696 Score=0.5386 | LR: 0.000004 | [CONSTRAINED] No-improve: 3/25
Epoch 064 | α=0.868 λ=2.0000 | cls=0.9356 adv=1.5813/1.6094 | O@A=0.90: 0.630 (t=0.23, A=0.900) | Argmax: O=0.846 A=0.688 Score=0.5343 | LR: 0.000002 | [CONSTRAINED] No-improve: 4/25
Epoch 065 | α=0.874 λ=2.0000 | cls=0.9427 adv=1.5987/1.6094 | O@A=0.90: 0.627 (t=0.22, A=0.900) | Argmax: O=0.846 A=0.687 Score=0.5330 | LR: 0.000002 | [CONSTRAINED] No-improve: 0/25
Epoch 066 | α=0.881 λ=2.0000 | cls=0.9382 adv=1.5984/1.6094 | O@A=0.90: 0.625 (t=0.21, A=0.900) | Argmax: O=0.837 A=0.702 Score=0.5391 | LR: 0.000002 | [CONSTRAINED] No-improve: 1/25
Epoch 067 | α=0.887 λ=2.0000 | cls=0.9379 adv=1.6020/1.6094 | O@A=0.90: 0.625 (t=0.21, A=0.900) | Argmax: O=0.835 A=0.706 Score=0.5409 | LR: 0.000002 | [CONSTRAINED] No-improve: 2/25
Epoch 068 | α=0.892 λ=2.0000 | cls=0.9386 adv=1.6065/1.6094 | O@A=0.90: 0.627 (t=0.22, A=0.900) | Argmax: O=0.834 A=0.707 Score=0.5412 | LR: 0.000002 | [CONSTRAINED] No-improve: 3/25
Epoch 069 | α=0.898 λ=2.0000 | cls=0.9392 adv=1.6084/1.6094 | O@A=0.90: 0.627 (t=0.22, A=0.900) | Argmax: O=0.834 A=0.709 Score=0.5431 | LR: 0.000002 | [CONSTRAINED] No-improve: 4/25
Epoch 070 | α=0.903 λ=2.0000 | cls=0.9421 adv=1.6074/1.6094 | O@A=0.90: 0.627 (t=0.22, A=0.900) | Argmax: O=0.833 A=0.711 Score=0.5444 | LR: 0.000001 | [CONSTRAINED] No-improve: 5/25
Epoch 071 | α=0.908 λ=2.0000 | cls=0.9381 adv=1.6053/1.6094 | O@A=0.90: 0.628 (t=0.22, A=0.900) | Argmax: O=0.833 A=0.711 Score=0.5441 | LR: 0.000001 | [CONSTRAINED] No-improve: 6/25
Epoch 072 | α=0.912 λ=2.0000 | cls=0.9384 adv=1.6034/1.6094 | O@A=0.90: 0.629 (t=0.22, A=0.900) | Argmax: O=0.832 A=0.711 Score=0.5437 | LR: 0.000001 | [CONSTRAINED] No-improve: 7/25
Epoch 073 | α=0.917 λ=2.0000 | cls=0.9393 adv=1.6015/1.6094 | O@A=0.90: 0.628 (t=0.22, A=0.900) | Argmax: O=0.832 A=0.711 Score=0.5436 | LR: 0.000001 | [CONSTRAINED] No-improve: 8/25
Epoch 074 | α=0.921 λ=2.0000 | cls=0.9382 adv=1.5990/1.6094 | O@A=0.90: 0.629 (t=0.22, A=0.900) | Argmax: O=0.833 A=0.711 Score=0.5442 | LR: 0.000001 | [CONSTRAINED] No-improve: 9/25
Epoch 075 | α=0.925 λ=2.0000 | cls=0.9385 adv=1.5966/1.6094 | O@A=0.90: 0.628 (t=0.22, A=0.900) | Argmax: O=0.833 A=0.712 Score=0.5448 | LR: 0.000001 | [CONSTRAINED] No-improve: 10/25
Epoch 076 | α=0.929 λ=2.0000 | cls=0.9372 adv=1.5942/1.6094 | O@A=0.90: 0.628 (t=0.22, A=0.900) | Argmax: O=0.832 A=0.713 Score=0.5442 | LR: 0.000000 | [CONSTRAINED] No-improve: 11/25
Epoch 077 | α=0.932 λ=2.0000 | cls=0.9377 adv=1.5923/1.6094 | O@A=0.90: 0.628 (t=0.22, A=0.900) | Argmax: O=0.833 A=0.712 Score=0.5443 | LR: 0.000000 | [CONSTRAINED] No-improve: 12/25
Epoch 078 | α=0.936 λ=2.0000 | cls=0.9368 adv=1.5914/1.6094 | O@A=0.90: 0.628 (t=0.22, A=0.900) | Argmax: O=0.832 A=0.712 Score=0.5444 | LR: 0.000000 | [CONSTRAINED] No-improve: 13/25
Epoch 079 | α=0.939 λ=2.0000 | cls=0.9335 adv=1.5903/1.6094 | O@A=0.90: 0.629 (t=0.22, A=0.900) | Argmax: O=0.832 A=0.713 Score=0.5447 | LR: 0.000000 | [CONSTRAINED] No-improve: 14/25
Epoch 080 | α=0.942 λ=2.0000 | cls=0.9369 adv=1.5894/1.6094 | O@A=0.90: 0.629 (t=0.22, A=0.900) | Argmax: O=0.832 A=0.713 Score=0.5448 | LR: 0.000000 | [CONSTRAINED] No-improve: 15/25
Epoch 081 | α=0.945 λ=2.0000 | cls=0.9361 adv=1.5886/1.6094 | O@A=0.90: 0.629 (t=0.22, A=0.900) | Argmax: O=0.832 A=0.713 Score=0.5448 | LR: 0.000000 | [CONSTRAINED] No-improve: 16/25
Epoch 082 | α=0.948 λ=2.0000 | cls=0.9344 adv=1.5879/1.6094 | O@A=0.90: 0.629 (t=0.22, A=0.900) | Argmax: O=0.832 A=0.713 Score=0.5448 | LR: 0.000000 | [CONSTRAINED] No-improve: 17/25
Epoch 083 | α=0.951 λ=2.0000 | cls=0.9331 adv=1.5874/1.6094 | O@A=0.90: 0.630 (t=0.22, A=0.900) | Argmax: O=0.832 A=0.714 Score=0.5455 | LR: 0.000000 | [CONSTRAINED] No-improve: 18/25
Epoch 084 | α=0.953 λ=2.0000 | cls=0.9340 adv=1.5871/1.6094 | O@A=0.90: 0.630 (t=0.22, A=0.900) | Argmax: O=0.831 A=0.714 Score=0.5454 | LR: 0.000000 | [CONSTRAINED] No-improve: 19/25
Epoch 085 | α=0.956 λ=2.0000 | cls=0.9338 adv=1.5870/1.6094 | O@A=0.90: 0.629 (t=0.22, A=0.900) | Argmax: O=0.832 A=0.714 Score=0.5452 | LR: 0.000000 | [CONSTRAINED] No-improve: 0/25
Epoch 086 | α=0.958 λ=2.0000 | cls=0.9326 adv=1.5871/1.6094 | O@A=0.90: 0.629 (t=0.22, A=0.900) | Argmax: O=0.831 A=0.715 Score=0.5456 | LR: 0.000000 | [CONSTRAINED] No-improve: 1/25
Epoch 087 | α=0.960 λ=2.0000 | cls=0.9342 adv=1.5872/1.6094 | O@A=0.90: 0.629 (t=0.22, A=0.900) | Argmax: O=0.831 A=0.716 Score=0.5466 | LR: 0.000000 | [CONSTRAINED] No-improve: 2/25
Epoch 088 | α=0.962 λ=2.0000 | cls=0.9338 adv=1.5875/1.6094 | O@A=0.90: 0.628 (t=0.22, A=0.900) | Argmax: O=0.830 A=0.716 Score=0.5464 | LR: 0.000000 | [CONSTRAINED] No-improve: 3/25
Epoch 089 | α=0.964 λ=2.0000 | cls=0.9349 adv=1.5878/1.6094 | O@A=0.90: 0.628 (t=0.22, A=0.900) | Argmax: O=0.830 A=0.716 Score=0.5464 | LR: 0.000000 | [CONSTRAINED] No-improve: 4/25
Epoch 090 | α=0.966 λ=2.0000 | cls=0.9365 adv=1.5879/1.6094 | O@A=0.90: 0.629 (t=0.22, A=0.900) | Argmax: O=0.830 A=0.717 Score=0.5465 | LR: 0.000000 | [CONSTRAINED] No-improve: 5/25
Epoch 091 | α=0.968 λ=2.0000 | cls=0.9358 adv=1.5881/1.6094 | O@A=0.90: 0.629 (t=0.22, A=0.900) | Argmax: O=0.830 A=0.717 Score=0.5464 | LR: 0.000000 | [CONSTRAINED] No-improve: 6/25
Epoch 092 | α=0.969 λ=2.0000 | cls=0.9357 adv=1.5882/1.6094 | O@A=0.90: 0.628 (t=0.22, A=0.900) | Argmax: O=0.829 A=0.717 Score=0.5468 | LR: 0.000000 | [CONSTRAINED] No-improve: 7/25
Epoch 093 | α=0.971 λ=2.0000 | cls=0.9365 adv=1.5884/1.6094 | O@A=0.90: 0.628 (t=0.22, A=0.900) | Argmax: O=0.829 A=0.718 Score=0.5473 | LR: 0.000000 | [CONSTRAINED] No-improve: 8/25
Epoch 094 | α=0.972 λ=2.0000 | cls=0.9353 adv=1.5887/1.6094 | O@A=0.90: 0.628 (t=0.22, A=0.900) | Argmax: O=0.829 A=0.719 Score=0.5476 | LR: 0.000000 | [CONSTRAINED] No-improve: 9/25
Epoch 095 | α=0.974 λ=2.0000 | cls=0.9362 adv=1.5889/1.6094 | O@A=0.90: 0.629 (t=0.22, A=0.900) | Argmax: O=0.829 A=0.720 Score=0.5487 | LR: 0.000000 | [CONSTRAINED] No-improve: 10/25
Epoch 096 | α=0.975 λ=2.0000 | cls=0.9348 adv=1.5890/1.6094 | O@A=0.90: 0.629 (t=0.22, A=0.900) | Argmax: O=0.829 A=0.720 Score=0.5488 | LR: 0.000000 | [CONSTRAINED] No-improve: 11/25
Epoch 097 | α=0.977 λ=2.0000 | cls=0.9330 adv=1.5893/1.6094 | O@A=0.90: 0.630 (t=0.22, A=0.900) | Argmax: O=0.828 A=0.720 Score=0.5487 | LR: 0.000000 | [CONSTRAINED] No-improve: 12/25
Epoch 098 | α=0.978 λ=2.0000 | cls=0.9344 adv=1.5894/1.6094 | O@A=0.90: 0.629 (t=0.22, A=0.900) | Argmax: O=0.828 A=0.721 Score=0.5488 | LR: 0.000000 | [CONSTRAINED] No-improve: 13/25
Epoch 099 | α=0.979 λ=2.0000 | cls=0.9348 adv=1.5894/1.6094 | O@A=0.90: 0.630 (t=0.22, A=0.900) | Argmax: O=0.828 A=0.721 Score=0.5488 | LR: 0.000000 | [CONSTRAINED] No-improve: 14/25
Epoch 100 | α=0.980 λ=2.0000 | cls=0.9363 adv=1.5897/1.6094 | O@A=0.90: 0.629 (t=0.21, A=0.900) | Argmax: O=0.828 A=0.721 Score=0.5490 | LR: 0.000000 | [CONSTRAINED] No-improve: 15/25
Epoch 101 | α=0.981 λ=2.0000 | cls=0.9348 adv=1.5897/1.6094 | O@A=0.90: 0.629 (t=0.21, A=0.900) | Argmax: O=0.828 A=0.721 Score=0.5490 | LR: 0.000000 | [CONSTRAINED] No-improve: 16/25
Epoch 102 | α=0.982 λ=2.0000 | cls=0.9359 adv=1.5897/1.6094 | O@A=0.90: 0.630 (t=0.21, A=0.900) | Argmax: O=0.828 A=0.721 Score=0.5490 | LR: 0.000000 | [CONSTRAINED] No-improve: 17/25
Epoch 103 | α=0.983 λ=2.0000 | cls=0.9359 adv=1.5899/1.6094 | O@A=0.90: 0.630 (t=0.21, A=0.900) | Argmax: O=0.828 A=0.721 Score=0.5493 | LR: 0.000000 | [CONSTRAINED] No-improve: 18/25
Epoch 104 | α=0.984 λ=2.0000 | cls=0.9342 adv=1.5900/1.6094 | O@A=0.90: 0.628 (t=0.21, A=0.900) | Argmax: O=0.828 A=0.721 Score=0.5493 | LR: 0.000000 | [CONSTRAINED] No-improve: 19/25
Epoch 105 | α=0.985 λ=2.0000 | cls=0.9362 adv=1.5898/1.6094 | O@A=0.90: 0.629 (t=0.21, A=0.900) | Argmax: O=0.828 A=0.721 Score=0.5492 | LR: 0.000000 | [CONSTRAINED] No-improve: 20/25
Epoch 106 | α=0.985 λ=2.0000 | cls=0.9340 adv=1.5901/1.6094 | O@A=0.90: 0.629 (t=0.21, A=0.900) | Argmax: O=0.828 A=0.721 Score=0.5493 | LR: 0.000000 | [CONSTRAINED] No-improve: 21/25
Epoch 107 | α=0.986 λ=2.0000 | cls=0.9334 adv=1.5902/1.6094 | O@A=0.90: 0.628 (t=0.21, A=0.900) | Argmax: O=0.828 A=0.721 Score=0.5492 | LR: 0.000000 | [CONSTRAINED] No-improve: 22/25
Epoch 108 | α=0.987 λ=2.0000 | cls=0.9349 adv=1.5901/1.6094 | O@A=0.90: 0.628 (t=0.21, A=0.900) | Argmax: O=0.828 A=0.721 Score=0.5492 | LR: 0.000000 | [CONSTRAINED] No-improve: 23/25
Epoch 109 | α=0.988 λ=2.0000 | cls=0.9349 adv=1.5901/1.6094 | O@A=0.90: 0.628 (t=0.21, A=0.900) | Argmax: O=0.828 A=0.721 Score=0.5493 | LR: 0.000000 | [CONSTRAINED] No-improve: 24/25

Early stopping: no improvement for 25 epochs.

Best Omega recall @ Anti=0.90: 0.6300  →  saved to models/omega_grl_unpadded.pth
Final (most-debiased) model  →  saved to models/omega_grl_unpadded_final.pth

── Multiplicity debiasing check (fresh adversary probe) ──
Multiplicity debiasing probe: acc=0.4458 (chance=0.2000) → NOT debiased

── Padded-data evaluation (final debiased model) ──
Padded O@A=0.90: 0.1613  (t=0.03, A=0.903)
  Interpretation: run27 padded baseline = 0.3162. If 0.1613 > 0.316, GRL found extra kinematic signal.
Log saved to logs/grl_unpadded_run8.log
