GRL Run 6 | features=['k_star', 'd_y', 'd_phi', 'cos_theta_star', 'd_y_signed'] | IN_CHANNELS=5 | target Anti recall=0.90
Dataset: 110758 Omega, 52931 Anti-Omega
ADV_LAMBDA=0.5 | GRL_ALPHA_MAX=1.0 | pretrain=15 epochs | sigmoidal schedule
OmegaTransformerGRL: 278,915 parameters
Pre-train phase: 15 epochs (alpha=0, classifier only)

── Baseline multiplicity debiasing check (random init) ──
Multiplicity debiasing probe: R²=-0.1300 (0=fully debiased, 1=no debiasing)

Starting GRL training...

Epoch 001 | α=0.000 λ=0.0000 | cls=1.0181 adv=7.2604 | O@A=0.90: 0.581 (t=0.17, A=0.900) | Argmax: O=0.954 A=0.379 Score=0.3322 | LR: 0.000500 | No-improve: 0/25
Epoch 002 | α=0.000 λ=0.0000 | cls=0.9753 adv=7.3300 | O@A=0.90: 0.609 (t=0.19, A=0.900) | Argmax: O=0.882 A=0.603 Score=0.4857 | LR: 0.000500 | No-improve: 0/25
Epoch 003 | α=0.000 λ=0.0000 | cls=0.9632 adv=7.3290 | O@A=0.90: 0.618 (t=0.20, A=0.900) | Argmax: O=0.858 A=0.659 Score=0.5170 | LR: 0.000500 | No-improve: 0/25
Epoch 004 | α=0.000 λ=0.0000 | cls=0.9573 adv=7.3296 | O@A=0.90: 0.617 (t=0.21, A=0.900) | Argmax: O=0.845 A=0.687 Score=0.5319 | LR: 0.000500 | No-improve: 0/25
Epoch 005 | α=0.000 λ=0.0000 | cls=0.9515 adv=7.3301 | O@A=0.90: 0.622 (t=0.22, A=0.900) | Argmax: O=0.830 A=0.713 Score=0.5432 | LR: 0.000500 | No-improve: 1/25
Epoch 006 | α=0.000 λ=0.0000 | cls=0.9456 adv=7.3302 | O@A=0.90: 0.623 (t=0.22, A=0.900) | Argmax: O=0.836 A=0.707 Score=0.5423 | LR: 0.000500 | No-improve: 0/25
Epoch 007 | α=0.000 λ=0.0000 | cls=0.9428 adv=7.3278 | O@A=0.90: 0.626 (t=0.21, A=0.900) | Argmax: O=0.841 A=0.697 Score=0.5376 | LR: 0.000500 | No-improve: 0/25
Epoch 008 | α=0.000 λ=0.0000 | cls=0.9447 adv=7.3292 | O@A=0.90: 0.626 (t=0.22, A=0.900) | Argmax: O=0.842 A=0.696 Score=0.5379 | LR: 0.000500 | No-improve: 0/25
Epoch 009 | α=0.000 λ=0.0000 | cls=0.9376 adv=7.3295 | O@A=0.90: 0.627 (t=0.22, A=0.900) | Argmax: O=0.841 A=0.698 Score=0.5387 | LR: 0.000500 | No-improve: 1/25
Epoch 010 | α=0.000 λ=0.0000 | cls=0.9372 adv=7.3299 | O@A=0.90: 0.630 (t=0.22, A=0.900) | Argmax: O=0.844 A=0.692 Score=0.5360 | LR: 0.000500 | No-improve: 0/25
Epoch 011 | α=0.000 λ=0.0000 | cls=0.9357 adv=7.3293 | O@A=0.90: 0.629 (t=0.22, A=0.900) | Argmax: O=0.844 A=0.692 Score=0.5362 | LR: 0.000500 | No-improve: 0/25
Epoch 012 | α=0.000 λ=0.0000 | cls=0.9351 adv=7.3296 | O@A=0.90: 0.630 (t=0.22, A=0.900) | Argmax: O=0.842 A=0.694 Score=0.5368 | LR: 0.000500 | No-improve: 1/25
Epoch 013 | α=0.000 λ=0.0000 | cls=0.9359 adv=7.3306 | O@A=0.90: 0.629 (t=0.22, A=0.900) | Argmax: O=0.842 A=0.696 Score=0.5376 | LR: 0.000500 | No-improve: 2/25
Epoch 014 | α=0.000 λ=0.0000 | cls=0.9333 adv=7.3293 | O@A=0.90: 0.630 (t=0.23, A=0.900) | Argmax: O=0.841 A=0.697 Score=0.5383 | LR: 0.000500 | No-improve: 3/25
Epoch 015 | α=0.000 λ=0.0000 | cls=0.9319 adv=7.3313 | O@A=0.90: 0.629 (t=0.23, A=0.900) | Argmax: O=0.841 A=0.699 Score=0.5398 | LR: 0.000500 | No-improve: 0/25

[Epoch 16] GRL phase start — LR reset to 0.0005

Epoch 016 | α=0.027 λ=0.5000 | cls=0.9295 adv=0.3287 | O@A=0.90: 0.630 (t=0.23, A=0.900) | Argmax: O=0.839 A=0.702 Score=0.5414 | LR: 0.000500 | No-improve: 0/25
Epoch 017 | α=0.054 λ=0.5000 | cls=0.9305 adv=0.0207 | O@A=0.90: 0.631 (t=0.23, A=0.900) | Argmax: O=0.839 A=0.702 Score=0.5409 | LR: 0.000500 | No-improve: 0/25
Epoch 018 | α=0.081 λ=0.5000 | cls=0.9297 adv=0.0204 | O@A=0.90: 0.631 (t=0.22, A=0.900) | Argmax: O=0.840 A=0.701 Score=0.5410 | LR: 0.000500 | No-improve: 0/25
Epoch 019 | α=0.108 λ=0.5000 | cls=0.9273 adv=0.0216 | O@A=0.90: 0.630 (t=0.23, A=0.900) | Argmax: O=0.836 A=0.707 Score=0.5429 | LR: 0.000500 | No-improve: 0/25
Epoch 020 | α=0.134 λ=0.5000 | cls=0.9282 adv=0.0238 | O@A=0.90: 0.630 (t=0.23, A=0.900) | Argmax: O=0.838 A=0.703 Score=0.5404 | LR: 0.000500 | No-improve: 1/25
Epoch 021 | α=0.161 λ=0.5000 | cls=0.9299 adv=0.0244 | O@A=0.90: 0.632 (t=0.23, A=0.900) | Argmax: O=0.841 A=0.699 Score=0.5394 | LR: 0.000500 | No-improve: 2/25
Epoch 022 | α=0.187 λ=0.5000 | cls=0.9293 adv=0.0237 | O@A=0.90: 0.630 (t=0.22, A=0.900) | Argmax: O=0.842 A=0.696 Score=0.5384 | LR: 0.000500 | No-improve: 0/25
Epoch 023 | α=0.213 λ=0.5000 | cls=0.9274 adv=0.0229 | O@A=0.90: 0.630 (t=0.23, A=0.900) | Argmax: O=0.840 A=0.701 Score=0.5409 | LR: 0.000500 | No-improve: 1/25
Epoch 024 | α=0.239 λ=0.5000 | cls=0.9270 adv=0.0218 | O@A=0.90: 0.631 (t=0.23, A=0.900) | Argmax: O=0.839 A=0.701 Score=0.5409 | LR: 0.000500 | No-improve: 2/25
Epoch 025 | α=0.264 λ=0.5000 | cls=0.9276 adv=0.0209 | O@A=0.90: 0.630 (t=0.23, A=0.900) | Argmax: O=0.839 A=0.702 Score=0.5409 | LR: 0.000500 | No-improve: 3/25
Epoch 026 | α=0.289 λ=0.5000 | cls=0.9267 adv=0.0214 | O@A=0.90: 0.631 (t=0.23, A=0.900) | Argmax: O=0.841 A=0.699 Score=0.5400 | LR: 0.000500 | No-improve: 4/25
Epoch 027 | α=0.313 λ=0.5000 | cls=0.9257 adv=0.0216 | O@A=0.90: 0.632 (t=0.23, A=0.900) | Argmax: O=0.839 A=0.701 Score=0.5402 | LR: 0.000500 | No-improve: 5/25
Epoch 028 | α=0.338 λ=0.5000 | cls=0.9255 adv=0.0220 | O@A=0.90: 0.632 (t=0.23, A=0.900) | Argmax: O=0.838 A=0.703 Score=0.5415 | LR: 0.000500 | No-improve: 0/25
Epoch 029 | α=0.361 λ=0.5000 | cls=0.9268 adv=0.0224 | O@A=0.90: 0.630 (t=0.22, A=0.900) | Argmax: O=0.842 A=0.698 Score=0.5400 | LR: 0.000500 | No-improve: 1/25
Epoch 030 | α=0.385 λ=0.5000 | cls=0.9267 adv=0.0220 | O@A=0.90: 0.632 (t=0.22, A=0.900) | Argmax: O=0.840 A=0.701 Score=0.5412 | LR: 0.000500 | No-improve: 2/25
Epoch 031 | α=0.407 λ=0.5000 | cls=0.9248 adv=0.0225 | O@A=0.90: 0.630 (t=0.22, A=0.900) | Argmax: O=0.843 A=0.696 Score=0.5391 | LR: 0.000500 | No-improve: 3/25
Epoch 032 | α=0.430 λ=0.5000 | cls=0.9263 adv=0.0220 | O@A=0.90: 0.629 (t=0.22, A=0.900) | Argmax: O=0.842 A=0.697 Score=0.5389 | LR: 0.000500 | No-improve: 4/25
Epoch 033 | α=0.451 λ=0.5000 | cls=0.9246 adv=0.0229 | O@A=0.90: 0.630 (t=0.22, A=0.900) | Argmax: O=0.842 A=0.698 Score=0.5398 | LR: 0.000250 | No-improve: 5/25
Epoch 034 | α=0.473 λ=0.5000 | cls=0.9202 adv=0.0207 | O@A=0.90: 0.631 (t=0.22, A=0.900) | Argmax: O=0.841 A=0.700 Score=0.5407 | LR: 0.000250 | No-improve: 6/25
Epoch 035 | α=0.493 λ=0.5000 | cls=0.9196 adv=0.0208 | O@A=0.90: 0.631 (t=0.22, A=0.900) | Argmax: O=0.843 A=0.697 Score=0.5397 | LR: 0.000250 | No-improve: 7/25
Epoch 036 | α=0.514 λ=0.5000 | cls=0.9191 adv=0.0209 | O@A=0.90: 0.630 (t=0.22, A=0.899) | Argmax: O=0.841 A=0.699 Score=0.5397 | LR: 0.000250 | No-improve: 8/25
Epoch 037 | α=0.533 λ=0.5000 | cls=0.9193 adv=0.0218 | O@A=0.90: 0.631 (t=0.22, A=0.900) | Argmax: O=0.841 A=0.698 Score=0.5387 | LR: 0.000250 | No-improve: 9/25
Epoch 038 | α=0.552 λ=0.5000 | cls=0.9185 adv=0.0219 | O@A=0.90: 0.631 (t=0.22, A=0.900) | Argmax: O=0.839 A=0.703 Score=0.5418 | LR: 0.000250 | No-improve: 10/25
Epoch 039 | α=0.571 λ=0.5000 | cls=0.9178 adv=0.0219 | O@A=0.90: 0.630 (t=0.22, A=0.900) | Argmax: O=0.840 A=0.700 Score=0.5402 | LR: 0.000125 | No-improve: 11/25
Epoch 040 | α=0.589 λ=0.5000 | cls=0.9161 adv=0.0214 | O@A=0.90: 0.629 (t=0.22, A=0.900) | Argmax: O=0.839 A=0.700 Score=0.5392 | LR: 0.000125 | No-improve: 12/25
Epoch 041 | α=0.606 λ=0.5000 | cls=0.9176 adv=0.0215 | O@A=0.90: 0.630 (t=0.22, A=0.900) | Argmax: O=0.840 A=0.699 Score=0.5391 | LR: 0.000125 | No-improve: 13/25
Epoch 042 | α=0.623 λ=0.5000 | cls=0.9169 adv=0.0219 | O@A=0.90: 0.629 (t=0.22, A=0.900) | Argmax: O=0.840 A=0.700 Score=0.5396 | LR: 0.000125 | No-improve: 14/25
Epoch 043 | α=0.639 λ=0.5000 | cls=0.9151 adv=0.0222 | O@A=0.90: 0.630 (t=0.22, A=0.900) | Argmax: O=0.840 A=0.699 Score=0.5386 | LR: 0.000125 | No-improve: 15/25
Epoch 044 | α=0.655 λ=0.5000 | cls=0.9155 adv=0.0223 | O@A=0.90: 0.632 (t=0.22, A=0.900) | Argmax: O=0.838 A=0.703 Score=0.5411 | LR: 0.000125 | No-improve: 16/25
Epoch 045 | α=0.670 λ=0.5000 | cls=0.9168 adv=0.0225 | O@A=0.90: 0.631 (t=0.22, A=0.900) | Argmax: O=0.839 A=0.702 Score=0.5406 | LR: 0.000063 | No-improve: 17/25
Epoch 046 | α=0.685 λ=0.5000 | cls=0.9147 adv=0.0224 | O@A=0.90: 0.630 (t=0.22, A=0.900) | Argmax: O=0.840 A=0.700 Score=0.5402 | LR: 0.000063 | No-improve: 18/25
Epoch 047 | α=0.699 λ=0.5000 | cls=0.9142 adv=0.0225 | O@A=0.90: 0.630 (t=0.22, A=0.900) | Argmax: O=0.839 A=0.701 Score=0.5406 | LR: 0.000063 | No-improve: 19/25
Epoch 048 | α=0.712 λ=0.5000 | cls=0.9131 adv=0.0225 | O@A=0.90: 0.630 (t=0.22, A=0.900) | Argmax: O=0.840 A=0.700 Score=0.5402 | LR: 0.000063 | No-improve: 20/25
Epoch 049 | α=0.725 λ=0.5000 | cls=0.9146 adv=0.0226 | O@A=0.90: 0.629 (t=0.22, A=0.900) | Argmax: O=0.839 A=0.701 Score=0.5400 | LR: 0.000063 | No-improve: 21/25
Epoch 050 | α=0.738 λ=0.5000 | cls=0.9141 adv=0.0223 | O@A=0.90: 0.631 (t=0.22, A=0.900) | Argmax: O=0.838 A=0.702 Score=0.5408 | LR: 0.000063 | No-improve: 22/25
Epoch 051 | α=0.750 λ=0.5000 | cls=0.9146 adv=0.0227 | O@A=0.90: 0.631 (t=0.22, A=0.900) | Argmax: O=0.838 A=0.701 Score=0.5394 | LR: 0.000031 | No-improve: 23/25
Epoch 052 | α=0.762 λ=0.5000 | cls=0.9125 adv=0.0229 | O@A=0.90: 0.630 (t=0.22, A=0.900) | Argmax: O=0.839 A=0.701 Score=0.5405 | LR: 0.000031 | No-improve: 24/25

Early stopping: no improvement for 25 epochs.

Best Omega recall @ Anti=0.90: 0.6324  →  saved to models/omega_grl_unpadded.pth
Final (most-debiased) model  →  saved to models/omega_grl_unpadded_final.pth

── Multiplicity debiasing check (fresh adversary probe) ──
Multiplicity debiasing probe: R²=-1.1867 (0=fully debiased, 1=no debiasing)

── Padded-data evaluation (final debiased model) ──
Padded O@A=0.90: 0.1851  (t=0.02, A=0.898)
  Interpretation: run27 padded baseline = 0.3162. If 0.1851 > 0.316, GRL found extra kinematic signal.
Log saved to logs/grl_unpadded_run6.log
