GRL Run 7 | features=['k_star', 'd_y', 'd_phi', 'cos_theta_star', 'd_y_signed'] | IN_CHANNELS=5 | target Anti recall=0.90
Dataset: 110758 Omega, 52931 Anti-Omega
ADV_LAMBDA=0.5 | GRL_N_BINS=5 (within-class) | GRL_ALPHA_MAX=1.0 | pretrain=15 epochs | sigmoidal schedule
OmegaTransformerGRL: 279,047 parameters
Pre-train phase: 15 epochs (alpha=0, classifier only)

── Baseline multiplicity debiasing check (random init) ──
Multiplicity debiasing probe: acc=0.3235 (chance=0.2000) → NOT debiased

Starting GRL training...

Epoch 001 | α=0.000 λ=0.0000 | cls=1.0178 adv=1.6098 | O@A=0.90: 0.574 (t=0.16, A=0.901) | Argmax: O=0.962 A=0.342 Score=0.3045 | LR: 0.000500 | No-improve: 0/25
Epoch 002 | α=0.000 λ=0.0000 | cls=0.9776 adv=1.6094 | O@A=0.90: 0.609 (t=0.22, A=0.900) | Argmax: O=0.873 A=0.625 Score=0.4983 | LR: 0.000500 | No-improve: 0/25
Epoch 003 | α=0.000 λ=0.0000 | cls=0.9643 adv=1.6094 | O@A=0.90: 0.618 (t=0.22, A=0.900) | Argmax: O=0.845 A=0.683 Score=0.5280 | LR: 0.000500 | No-improve: 0/25
Epoch 004 | α=0.000 λ=0.0000 | cls=0.9553 adv=1.6094 | O@A=0.90: 0.622 (t=0.22, A=0.900) | Argmax: O=0.837 A=0.696 Score=0.5333 | LR: 0.000500 | No-improve: 0/25
Epoch 005 | α=0.000 λ=0.0000 | cls=0.9501 adv=1.6094 | O@A=0.90: 0.626 (t=0.22, A=0.900) | Argmax: O=0.836 A=0.704 Score=0.5396 | LR: 0.000500 | No-improve: 0/25
Epoch 006 | α=0.000 λ=0.0000 | cls=0.9450 adv=1.6094 | O@A=0.90: 0.625 (t=0.23, A=0.900) | Argmax: O=0.834 A=0.708 Score=0.5415 | LR: 0.000500 | No-improve: 0/25
Epoch 007 | α=0.000 λ=0.0000 | cls=0.9444 adv=1.6094 | O@A=0.90: 0.626 (t=0.23, A=0.900) | Argmax: O=0.836 A=0.705 Score=0.5403 | LR: 0.000500 | No-improve: 1/25
Epoch 008 | α=0.000 λ=0.0000 | cls=0.9408 adv=1.6094 | O@A=0.90: 0.625 (t=0.22, A=0.900) | Argmax: O=0.838 A=0.703 Score=0.5408 | LR: 0.000500 | No-improve: 0/25
Epoch 009 | α=0.000 λ=0.0000 | cls=0.9380 adv=1.6094 | O@A=0.90: 0.626 (t=0.22, A=0.900) | Argmax: O=0.838 A=0.703 Score=0.5409 | LR: 0.000500 | No-improve: 1/25
Epoch 010 | α=0.000 λ=0.0000 | cls=0.9363 adv=1.6094 | O@A=0.90: 0.628 (t=0.23, A=0.900) | Argmax: O=0.837 A=0.704 Score=0.5405 | LR: 0.000500 | No-improve: 2/25
Epoch 011 | α=0.000 λ=0.0000 | cls=0.9365 adv=1.6094 | O@A=0.90: 0.627 (t=0.22, A=0.900) | Argmax: O=0.840 A=0.700 Score=0.5394 | LR: 0.000500 | No-improve: 0/25
Epoch 012 | α=0.000 λ=0.0000 | cls=0.9358 adv=1.6094 | O@A=0.90: 0.628 (t=0.22, A=0.900) | Argmax: O=0.840 A=0.700 Score=0.5395 | LR: 0.000500 | No-improve: 1/25
Epoch 013 | α=0.000 λ=0.0000 | cls=0.9328 adv=1.6094 | O@A=0.90: 0.629 (t=0.22, A=0.900) | Argmax: O=0.841 A=0.698 Score=0.5391 | LR: 0.000500 | No-improve: 2/25
Epoch 014 | α=0.000 λ=0.0000 | cls=0.9321 adv=1.6094 | O@A=0.90: 0.630 (t=0.22, A=0.900) | Argmax: O=0.842 A=0.698 Score=0.5391 | LR: 0.000500 | No-improve: 0/25
Epoch 015 | α=0.000 λ=0.0000 | cls=0.9319 adv=1.6094 | O@A=0.90: 0.628 (t=0.22, A=0.900) | Argmax: O=0.843 A=0.696 Score=0.5384 | LR: 0.000500 | No-improve: 0/25

[Epoch 16] GRL phase start — LR reset to 0.0005

Epoch 016 | α=0.027 λ=0.5000 | cls=0.9320 adv=1.2850 | O@A=0.90: 0.630 (t=0.22, A=0.900) | Argmax: O=0.842 A=0.699 Score=0.5406 | LR: 0.000500 | No-improve: 0/25
Epoch 017 | α=0.054 λ=0.5000 | cls=0.9308 adv=1.2478 | O@A=0.90: 0.631 (t=0.22, A=0.900) | Argmax: O=0.839 A=0.702 Score=0.5408 | LR: 0.000500 | No-improve: 0/25
Epoch 018 | α=0.081 λ=0.5000 | cls=0.9322 adv=1.2362 | O@A=0.90: 0.632 (t=0.22, A=0.900) | Argmax: O=0.841 A=0.700 Score=0.5410 | LR: 0.000500 | No-improve: 0/25
Epoch 019 | α=0.108 λ=0.5000 | cls=0.9318 adv=1.2361 | O@A=0.90: 0.632 (t=0.22, A=0.900) | Argmax: O=0.843 A=0.697 Score=0.5396 | LR: 0.000500 | No-improve: 0/25
Epoch 020 | α=0.134 λ=0.5000 | cls=0.9331 adv=1.2422 | O@A=0.90: 0.630 (t=0.22, A=0.900) | Argmax: O=0.843 A=0.697 Score=0.5400 | LR: 0.000500 | No-improve: 1/25
Epoch 021 | α=0.161 λ=0.5000 | cls=0.9341 adv=1.2546 | O@A=0.90: 0.626 (t=0.22, A=0.900) | Argmax: O=0.839 A=0.703 Score=0.5414 | LR: 0.000500 | No-improve: 2/25
Epoch 022 | α=0.187 λ=0.5000 | cls=0.9342 adv=1.2647 | O@A=0.90: 0.625 (t=0.22, A=0.900) | Argmax: O=0.840 A=0.700 Score=0.5400 | LR: 0.000500 | No-improve: 3/25
Epoch 023 | α=0.213 λ=0.5000 | cls=0.9342 adv=1.2793 | O@A=0.90: 0.623 (t=0.22, A=0.900) | Argmax: O=0.841 A=0.698 Score=0.5385 | LR: 0.000500 | No-improve: 4/25
Epoch 024 | α=0.239 λ=0.5000 | cls=0.9355 adv=1.2785 | O@A=0.90: 0.624 (t=0.22, A=0.900) | Argmax: O=0.844 A=0.691 Score=0.5351 | LR: 0.000250 | No-improve: 5/25
Epoch 025 | α=0.264 λ=0.5000 | cls=0.9287 adv=1.2884 | O@A=0.90: 0.622 (t=0.21, A=0.900) | Argmax: O=0.843 A=0.694 Score=0.5363 | LR: 0.000250 | No-improve: 6/25
Epoch 026 | α=0.289 λ=0.5000 | cls=0.9319 adv=1.3135 | O@A=0.90: 0.620 (t=0.21, A=0.900) | Argmax: O=0.842 A=0.696 Score=0.5376 | LR: 0.000250 | No-improve: 7/25
Epoch 027 | α=0.313 λ=0.5000 | cls=0.9315 adv=1.3179 | O@A=0.90: 0.618 (t=0.20, A=0.900) | Argmax: O=0.842 A=0.694 Score=0.5353 | LR: 0.000250 | No-improve: 8/25
Epoch 028 | α=0.338 λ=0.5000 | cls=0.9313 adv=1.3061 | O@A=0.90: 0.612 (t=0.22, A=0.900) | Argmax: O=0.837 A=0.700 Score=0.5369 | LR: 0.000250 | No-improve: 9/25
Epoch 029 | α=0.361 λ=0.5000 | cls=0.9356 adv=1.3416 | O@A=0.90: 0.611 (t=0.20, A=0.900) | Argmax: O=0.841 A=0.694 Score=0.5351 | LR: 0.000250 | No-improve: 10/25
Epoch 030 | α=0.385 λ=0.5000 | cls=0.9342 adv=1.3325 | O@A=0.90: 0.606 (t=0.17, A=0.900) | Argmax: O=0.854 A=0.676 Score=0.5300 | LR: 0.000125 | No-improve: 11/25
Epoch 031 | α=0.407 λ=0.5000 | cls=0.9280 adv=1.3140 | O@A=0.90: 0.612 (t=0.17, A=0.900) | Argmax: O=0.853 A=0.678 Score=0.5311 | LR: 0.000125 | No-improve: 12/25
Epoch 032 | α=0.430 λ=0.5000 | cls=0.9314 adv=1.3391 | O@A=0.90: 0.613 (t=0.19, A=0.900) | Argmax: O=0.843 A=0.690 Score=0.5329 | LR: 0.000125 | No-improve: 13/25
Epoch 033 | α=0.451 λ=0.5000 | cls=0.9327 adv=1.3407 | O@A=0.90: 0.609 (t=0.19, A=0.900) | Argmax: O=0.838 A=0.697 Score=0.5351 | LR: 0.000125 | No-improve: 14/25
Epoch 034 | α=0.473 λ=0.5000 | cls=0.9349 adv=1.3510 | O@A=0.90: 0.608 (t=0.20, A=0.900) | Argmax: O=0.835 A=0.702 Score=0.5368 | LR: 0.000125 | No-improve: 15/25
Epoch 035 | α=0.493 λ=0.5000 | cls=0.9353 adv=1.3585 | O@A=0.90: 0.608 (t=0.20, A=0.900) | Argmax: O=0.835 A=0.702 Score=0.5367 | LR: 0.000125 | No-improve: 16/25
Epoch 036 | α=0.514 λ=0.5000 | cls=0.9356 adv=1.3622 | O@A=0.90: 0.605 (t=0.20, A=0.900) | Argmax: O=0.831 A=0.709 Score=0.5400 | LR: 0.000063 | No-improve: 17/25
Epoch 037 | α=0.533 λ=0.5000 | cls=0.9329 adv=1.3588 | O@A=0.90: 0.603 (t=0.20, A=0.900) | Argmax: O=0.832 A=0.708 Score=0.5395 | LR: 0.000063 | No-improve: 18/25
Epoch 038 | α=0.552 λ=0.5000 | cls=0.9333 adv=1.3690 | O@A=0.90: 0.598 (t=0.19, A=0.900) | Argmax: O=0.834 A=0.705 Score=0.5385 | LR: 0.000063 | No-improve: 19/25
Epoch 039 | α=0.571 λ=0.5000 | cls=0.9330 adv=1.3597 | O@A=0.90: 0.602 (t=0.19, A=0.900) | Argmax: O=0.832 A=0.707 Score=0.5393 | LR: 0.000063 | No-improve: 20/25
Epoch 040 | α=0.589 λ=0.5000 | cls=0.9354 adv=1.3648 | O@A=0.90: 0.600 (t=0.19, A=0.900) | Argmax: O=0.834 A=0.703 Score=0.5370 | LR: 0.000063 | No-improve: 21/25
Epoch 041 | α=0.606 λ=0.5000 | cls=0.9347 adv=1.3655 | O@A=0.90: 0.601 (t=0.19, A=0.900) | Argmax: O=0.836 A=0.699 Score=0.5356 | LR: 0.000063 | No-improve: 22/25
Epoch 042 | α=0.623 λ=0.5000 | cls=0.9362 adv=1.3711 | O@A=0.90: 0.600 (t=0.20, A=0.900) | Argmax: O=0.833 A=0.705 Score=0.5376 | LR: 0.000031 | No-improve: 23/25
Epoch 043 | α=0.639 λ=0.5000 | cls=0.9355 adv=1.3734 | O@A=0.90: 0.598 (t=0.20, A=0.900) | Argmax: O=0.833 A=0.706 Score=0.5385 | LR: 0.000031 | No-improve: 24/25

Early stopping: no improvement for 25 epochs.

Best Omega recall @ Anti=0.90: 0.6324  →  saved to models/omega_grl_unpadded.pth
Final (most-debiased) model  →  saved to models/omega_grl_unpadded_final.pth

── Multiplicity debiasing check (fresh adversary probe) ──
Multiplicity debiasing probe: acc=0.3763 (chance=0.2000) → NOT debiased

── Padded-data evaluation (final debiased model) ──
Padded O@A=0.90: 0.2600  (t=0.06, A=0.900)
  Interpretation: run27 padded baseline = 0.3162. If 0.2600 > 0.316, GRL found extra kinematic signal.
Log saved to logs/grl_unpadded_run7.log
