PL Run 1 | features=['f_pt', 'k_star', 'd_y', 'd_phi', 'cos_theta_star', 'o_cos_psi1', 'o_cos2_psi2', 'f_cos_psi1', 'f_cos2_psi2'] | IN_CHANNELS=9
Dataset: 110758 Omega, 52934 Anti-Omega
EM_ITER=4 | GAMMA=1.5
OmegaTransformer: 275,010 parameters

============================================================
EM Iteration 1/4
Iter 1: uniform weights (standard BCE)
  [EM1] Ep 001 | Ω:0.769 A:0.456 A@.55:0.290 Score:0.2247 | LR:0.000500 | ni:0/25
  [EM1] Ep 002 | Ω:0.677 A:0.587 A@.55:0.477 Score:0.2636 | LR:0.000500 | ni:0/25
  [EM1] Ep 003 | Ω:0.658 A:0.615 A@.55:0.521 Score:0.2735 | LR:0.000500 | ni:0/25
  [EM1] Ep 004 | Ω:0.656 A:0.623 A@.55:0.528 Score:0.2795 | LR:0.000500 | ni:0/25
  [EM1] Ep 005 | Ω:0.663 A:0.622 A@.55:0.528 Score:0.2842 | LR:0.000500 | ni:0/25
  [EM1] Ep 006 | Ω:0.668 A:0.619 A@.55:0.523 Score:0.2866 | LR:0.000500 | ni:0/25
  [EM1] Ep 007 | Ω:0.675 A:0.617 A@.55:0.520 Score:0.2921 | LR:0.000500 | ni:0/25
  [EM1] Ep 008 | Ω:0.669 A:0.623 A@.55:0.531 Score:0.2924 | LR:0.000500 | ni:0/25
  [EM1] Ep 009 | Ω:0.667 A:0.627 A@.55:0.532 Score:0.2935 | LR:0.000500 | ni:0/25
  [EM1] Ep 010 | Ω:0.663 A:0.633 A@.55:0.539 Score:0.2962 | LR:0.000500 | ni:0/25
  [EM1] Ep 011 | Ω:0.659 A:0.637 A@.55:0.546 Score:0.2961 | LR:0.000500 | ni:0/25
  [EM1] Ep 012 | Ω:0.662 A:0.634 A@.55:0.539 Score:0.2959 | LR:0.000500 | ni:1/25
  [EM1] Ep 013 | Ω:0.655 A:0.642 A@.55:0.547 Score:0.2963 | LR:0.000500 | ni:2/25
  [EM1] Ep 014 | Ω:0.660 A:0.642 A@.55:0.545 Score:0.3020 | LR:0.000500 | ni:0/25
  [EM1] Ep 015 | Ω:0.662 A:0.639 A@.55:0.545 Score:0.3002 | LR:0.000500 | ni:0/25
  [EM1] Ep 016 | Ω:0.659 A:0.640 A@.55:0.547 Score:0.2988 | LR:0.000500 | ni:1/25
  [EM1] Ep 017 | Ω:0.659 A:0.641 A@.55:0.549 Score:0.2993 | LR:0.000500 | ni:2/25
  [EM1] Ep 018 | Ω:0.660 A:0.641 A@.55:0.544 Score:0.3008 | LR:0.000500 | ni:3/25
  [EM1] Ep 019 | Ω:0.661 A:0.644 A@.55:0.546 Score:0.3046 | LR:0.000500 | ni:4/25
  [EM1] Ep 020 | Ω:0.662 A:0.644 A@.55:0.546 Score:0.3066 | LR:0.000500 | ni:0/25
  [EM1] Ep 021 | Ω:0.661 A:0.643 A@.55:0.545 Score:0.3045 | LR:0.000500 | ni:0/25
  [EM1] Ep 022 | Ω:0.662 A:0.644 A@.55:0.547 Score:0.3060 | LR:0.000500 | ni:1/25
  [EM1] Ep 023 | Ω:0.660 A:0.644 A@.55:0.546 Score:0.3043 | LR:0.000500 | ni:2/25
  [EM1] Ep 024 | Ω:0.660 A:0.645 A@.55:0.548 Score:0.3049 | LR:0.000500 | ni:3/25
  [EM1] Ep 025 | Ω:0.659 A:0.645 A@.55:0.551 Score:0.3047 | LR:0.000500 | ni:4/25
  [EM1] Ep 026 | Ω:0.660 A:0.645 A@.55:0.549 Score:0.3051 | LR:0.000250 | ni:5/25
  [EM1] Ep 027 | Ω:0.662 A:0.644 A@.55:0.549 Score:0.3056 | LR:0.000250 | ni:6/25
  [EM1] Ep 028 | Ω:0.663 A:0.641 A@.55:0.548 Score:0.3045 | LR:0.000250 | ni:7/25
  [EM1] Ep 029 | Ω:0.666 A:0.641 A@.55:0.547 Score:0.3067 | LR:0.000250 | ni:8/25
  [EM1] Ep 030 | Ω:0.665 A:0.644 A@.55:0.549 Score:0.3085 | LR:0.000250 | ni:0/25
  [EM1] Ep 031 | Ω:0.665 A:0.643 A@.55:0.548 Score:0.3082 | LR:0.000250 | ni:0/25
  [EM1] Ep 032 | Ω:0.667 A:0.641 A@.55:0.548 Score:0.3084 | LR:0.000250 | ni:1/25
  [EM1] Ep 033 | Ω:0.667 A:0.642 A@.55:0.545 Score:0.3088 | LR:0.000250 | ni:2/25
  [EM1] Ep 034 | Ω:0.668 A:0.641 A@.55:0.547 Score:0.3082 | LR:0.000250 | ni:0/25
  [EM1] Ep 035 | Ω:0.669 A:0.638 A@.55:0.545 Score:0.3076 | LR:0.000250 | ni:1/25
  [EM1] Ep 036 | Ω:0.670 A:0.638 A@.55:0.544 Score:0.3081 | LR:0.000250 | ni:2/25
  [EM1] Ep 037 | Ω:0.670 A:0.638 A@.55:0.546 Score:0.3081 | LR:0.000250 | ni:3/25
  [EM1] Ep 038 | Ω:0.670 A:0.640 A@.55:0.545 Score:0.3104 | LR:0.000250 | ni:4/25
  [EM1] Ep 039 | Ω:0.671 A:0.638 A@.55:0.543 Score:0.3089 | LR:0.000250 | ni:0/25
  [EM1] Ep 040 | Ω:0.670 A:0.639 A@.55:0.544 Score:0.3090 | LR:0.000250 | ni:1/25
  [EM1] Ep 041 | Ω:0.673 A:0.636 A@.55:0.541 Score:0.3091 | LR:0.000250 | ni:2/25
  [EM1] Ep 042 | Ω:0.675 A:0.634 A@.55:0.541 Score:0.3090 | LR:0.000250 | ni:3/25
  [EM1] Ep 043 | Ω:0.677 A:0.633 A@.55:0.539 Score:0.3092 | LR:0.000250 | ni:4/25
  [EM1] Ep 044 | Ω:0.675 A:0.634 A@.55:0.540 Score:0.3091 | LR:0.000125 | ni:5/25
  [EM1] Ep 045 | Ω:0.674 A:0.635 A@.55:0.541 Score:0.3093 | LR:0.000125 | ni:6/25
  [EM1] Ep 046 | Ω:0.675 A:0.634 A@.55:0.540 Score:0.3091 | LR:0.000125 | ni:7/25
  [EM1] Ep 047 | Ω:0.673 A:0.635 A@.55:0.542 Score:0.3079 | LR:0.000125 | ni:8/25
  [EM1] Ep 048 | Ω:0.673 A:0.636 A@.55:0.542 Score:0.3095 | LR:0.000125 | ni:9/25
  [EM1] Ep 049 | Ω:0.673 A:0.636 A@.55:0.543 Score:0.3089 | LR:0.000125 | ni:10/25
  [EM1] Ep 050 | Ω:0.675 A:0.635 A@.55:0.538 Score:0.3097 | LR:0.000063 | ni:11/25
  [EM1] Ep 051 | Ω:0.675 A:0.634 A@.55:0.537 Score:0.3086 | LR:0.000063 | ni:12/25
  [EM1] Ep 052 | Ω:0.674 A:0.635 A@.55:0.541 Score:0.3090 | LR:0.000063 | ni:13/25
  [EM1] Ep 053 | Ω:0.675 A:0.635 A@.55:0.542 Score:0.3102 | LR:0.000063 | ni:14/25
  [EM1] Ep 054 | Ω:0.676 A:0.636 A@.55:0.542 Score:0.3117 | LR:0.000063 | ni:15/25
  [EM1] Ep 055 | Ω:0.677 A:0.635 A@.55:0.540 Score:0.3124 | LR:0.000063 | ni:0/25
  [EM1] Ep 056 | Ω:0.675 A:0.636 A@.55:0.541 Score:0.3110 | LR:0.000063 | ni:0/25
  [EM1] Ep 057 | Ω:0.678 A:0.634 A@.55:0.538 Score:0.3122 | LR:0.000063 | ni:1/25
  [EM1] Ep 058 | Ω:0.677 A:0.634 A@.55:0.539 Score:0.3115 | LR:0.000063 | ni:2/25
  [EM1] Ep 059 | Ω:0.676 A:0.634 A@.55:0.539 Score:0.3104 | LR:0.000063 | ni:3/25
  [EM1] Ep 060 | Ω:0.676 A:0.634 A@.55:0.540 Score:0.3096 | LR:0.000063 | ni:4/25
  [EM1] Ep 061 | Ω:0.675 A:0.634 A@.55:0.542 Score:0.3094 | LR:0.000031 | ni:5/25
  [EM1] Ep 062 | Ω:0.675 A:0.634 A@.55:0.542 Score:0.3097 | LR:0.000031 | ni:6/25
  [EM1] Ep 063 | Ω:0.677 A:0.632 A@.55:0.539 Score:0.3090 | LR:0.000031 | ni:7/25
  [EM1] Ep 064 | Ω:0.678 A:0.632 A@.55:0.540 Score:0.3099 | LR:0.000031 | ni:8/25
  [EM1] Ep 065 | Ω:0.675 A:0.634 A@.55:0.542 Score:0.3091 | LR:0.000031 | ni:9/25
  [EM1] Ep 066 | Ω:0.676 A:0.633 A@.55:0.541 Score:0.3092 | LR:0.000031 | ni:10/25
  [EM1] Ep 067 | Ω:0.675 A:0.634 A@.55:0.543 Score:0.3092 | LR:0.000016 | ni:11/25
  [EM1] Ep 068 | Ω:0.675 A:0.634 A@.55:0.543 Score:0.3088 | LR:0.000016 | ni:12/25
  [EM1] Ep 069 | Ω:0.677 A:0.633 A@.55:0.542 Score:0.3100 | LR:0.000016 | ni:13/25
  [EM1] Ep 070 | Ω:0.677 A:0.632 A@.55:0.541 Score:0.3098 | LR:0.000016 | ni:14/25
  [EM1] Ep 071 | Ω:0.678 A:0.632 A@.55:0.540 Score:0.3097 | LR:0.000016 | ni:15/25
  [EM1] Ep 072 | Ω:0.676 A:0.633 A@.55:0.543 Score:0.3094 | LR:0.000016 | ni:16/25
  [EM1] Ep 073 | Ω:0.676 A:0.633 A@.55:0.543 Score:0.3092 | LR:0.000008 | ni:17/25
  [EM1] Ep 074 | Ω:0.676 A:0.633 A@.55:0.543 Score:0.3089 | LR:0.000008 | ni:18/25
  [EM1] Ep 075 | Ω:0.677 A:0.633 A@.55:0.542 Score:0.3094 | LR:0.000008 | ni:19/25
  [EM1] Ep 076 | Ω:0.676 A:0.633 A@.55:0.542 Score:0.3088 | LR:0.000008 | ni:20/25
  [EM1] Ep 077 | Ω:0.678 A:0.631 A@.55:0.540 Score:0.3092 | LR:0.000008 | ni:21/25
  [EM1] Ep 078 | Ω:0.676 A:0.633 A@.55:0.542 Score:0.3093 | LR:0.000008 | ni:22/25
  [EM1] Ep 079 | Ω:0.677 A:0.632 A@.55:0.541 Score:0.3083 | LR:0.000004 | ni:23/25
  [EM1] Ep 080 | Ω:0.678 A:0.631 A@.55:0.540 Score:0.3097 | LR:0.000004 | ni:24/25
  Early stopping at epoch 80
EM iter 1 best: Score=0.3124 Anti=0.6354 A@.55=0.5399

============================================================
EM Iteration 2/4
E-step: computing per-event weights from current model...
  Omega weight stats: mean=0.4570 min=0.0065 max=0.9424
  [EM2] Ep 001 | Ω:0.632 A:0.672 A@.55:0.614 Score:0.3038 | LR:0.000500 | ni:0/25
  [EM2] Ep 002 | Ω:0.617 A:0.686 A@.55:0.632 Score:0.3032 | LR:0.000500 | ni:0/25
  [EM2] Ep 003 | Ω:0.615 A:0.689 A@.55:0.636 Score:0.3039 | LR:0.000500 | ni:1/25
  [EM2] Ep 004 | Ω:0.612 A:0.693 A@.55:0.640 Score:0.3042 | LR:0.000500 | ni:0/25
  [EM2] Ep 005 | Ω:0.612 A:0.692 A@.55:0.641 Score:0.3035 | LR:0.000500 | ni:0/25
  [EM2] Ep 006 | Ω:0.611 A:0.691 A@.55:0.642 Score:0.3024 | LR:0.000500 | ni:1/25
  [EM2] Ep 007 | Ω:0.609 A:0.693 A@.55:0.642 Score:0.3027 | LR:0.000500 | ni:2/25
  [EM2] Ep 008 | Ω:0.609 A:0.693 A@.55:0.643 Score:0.3015 | LR:0.000500 | ni:3/25
  [EM2] Ep 009 | Ω:0.610 A:0.693 A@.55:0.643 Score:0.3030 | LR:0.000500 | ni:4/25
  [EM2] Ep 010 | Ω:0.610 A:0.693 A@.55:0.642 Score:0.3024 | LR:0.000250 | ni:5/25
  [EM2] Ep 011 | Ω:0.610 A:0.693 A@.55:0.642 Score:0.3034 | LR:0.000250 | ni:6/25
  [EM2] Ep 012 | Ω:0.612 A:0.691 A@.55:0.640 Score:0.3033 | LR:0.000250 | ni:7/25
  [EM2] Ep 013 | Ω:0.614 A:0.690 A@.55:0.639 Score:0.3038 | LR:0.000250 | ni:8/25
  [EM2] Ep 014 | Ω:0.614 A:0.689 A@.55:0.639 Score:0.3033 | LR:0.000250 | ni:9/25
  [EM2] Ep 015 | Ω:0.617 A:0.688 A@.55:0.636 Score:0.3043 | LR:0.000250 | ni:10/25
  [EM2] Ep 016 | Ω:0.617 A:0.686 A@.55:0.635 Score:0.3028 | LR:0.000250 | ni:0/25
  [EM2] Ep 017 | Ω:0.617 A:0.686 A@.55:0.636 Score:0.3025 | LR:0.000250 | ni:1/25
  [EM2] Ep 018 | Ω:0.616 A:0.688 A@.55:0.636 Score:0.3044 | LR:0.000250 | ni:2/25
  [EM2] Ep 019 | Ω:0.616 A:0.687 A@.55:0.636 Score:0.3034 | LR:0.000250 | ni:0/25
  [EM2] Ep 020 | Ω:0.615 A:0.690 A@.55:0.637 Score:0.3048 | LR:0.000250 | ni:1/25
  [EM2] Ep 021 | Ω:0.615 A:0.689 A@.55:0.638 Score:0.3035 | LR:0.000250 | ni:0/25
  [EM2] Ep 022 | Ω:0.616 A:0.689 A@.55:0.637 Score:0.3051 | LR:0.000250 | ni:1/25
  [EM2] Ep 023 | Ω:0.615 A:0.690 A@.55:0.636 Score:0.3050 | LR:0.000250 | ni:0/25
  [EM2] Ep 024 | Ω:0.614 A:0.688 A@.55:0.637 Score:0.3016 | LR:0.000250 | ni:1/25
  [EM2] Ep 025 | Ω:0.614 A:0.689 A@.55:0.638 Score:0.3034 | LR:0.000250 | ni:2/25
  [EM2] Ep 026 | Ω:0.615 A:0.687 A@.55:0.638 Score:0.3021 | LR:0.000250 | ni:3/25
  [EM2] Ep 027 | Ω:0.614 A:0.688 A@.55:0.638 Score:0.3018 | LR:0.000250 | ni:4/25
  [EM2] Ep 028 | Ω:0.614 A:0.689 A@.55:0.637 Score:0.3033 | LR:0.000125 | ni:5/25
  [EM2] Ep 029 | Ω:0.614 A:0.689 A@.55:0.638 Score:0.3028 | LR:0.000125 | ni:6/25
  [EM2] Ep 030 | Ω:0.613 A:0.688 A@.55:0.638 Score:0.3015 | LR:0.000125 | ni:7/25
  [EM2] Ep 031 | Ω:0.614 A:0.688 A@.55:0.638 Score:0.3022 | LR:0.000125 | ni:8/25
  [EM2] Ep 032 | Ω:0.616 A:0.688 A@.55:0.637 Score:0.3039 | LR:0.000125 | ni:9/25
  [EM2] Ep 033 | Ω:0.615 A:0.687 A@.55:0.636 Score:0.3027 | LR:0.000125 | ni:10/25
  [EM2] Ep 034 | Ω:0.615 A:0.687 A@.55:0.636 Score:0.3019 | LR:0.000063 | ni:11/25
  [EM2] Ep 035 | Ω:0.613 A:0.689 A@.55:0.639 Score:0.3025 | LR:0.000063 | ni:12/25
  [EM2] Ep 036 | Ω:0.614 A:0.689 A@.55:0.638 Score:0.3028 | LR:0.000063 | ni:13/25
  [EM2] Ep 037 | Ω:0.614 A:0.687 A@.55:0.637 Score:0.3014 | LR:0.000063 | ni:14/25
  [EM2] Ep 038 | Ω:0.614 A:0.689 A@.55:0.637 Score:0.3031 | LR:0.000063 | ni:15/25
  [EM2] Ep 039 | Ω:0.613 A:0.690 A@.55:0.638 Score:0.3029 | LR:0.000063 | ni:16/25
  [EM2] Ep 040 | Ω:0.612 A:0.690 A@.55:0.637 Score:0.3019 | LR:0.000031 | ni:17/25
  [EM2] Ep 041 | Ω:0.613 A:0.689 A@.55:0.637 Score:0.3022 | LR:0.000031 | ni:18/25
  [EM2] Ep 042 | Ω:0.612 A:0.690 A@.55:0.638 Score:0.3020 | LR:0.000031 | ni:19/25
  [EM2] Ep 043 | Ω:0.613 A:0.689 A@.55:0.637 Score:0.3025 | LR:0.000031 | ni:20/25
  [EM2] Ep 044 | Ω:0.614 A:0.689 A@.55:0.636 Score:0.3024 | LR:0.000031 | ni:21/25
  [EM2] Ep 045 | Ω:0.615 A:0.687 A@.55:0.635 Score:0.3021 | LR:0.000031 | ni:22/25
  [EM2] Ep 046 | Ω:0.616 A:0.686 A@.55:0.634 Score:0.3015 | LR:0.000016 | ni:23/25
  [EM2] Ep 047 | Ω:0.615 A:0.687 A@.55:0.636 Score:0.3021 | LR:0.000016 | ni:24/25
  Early stopping at epoch 47
EM iter 2 best: Score=0.3051 Anti=0.6893 A@.55=0.6367

============================================================
EM Iteration 3/4
E-step: computing per-event weights from current model...
  Omega weight stats: mean=0.4566 min=0.0001 max=0.9788
  [EM3] Ep 001 | Ω:0.604 A:0.695 A@.55:0.653 Score:0.2990 | LR:0.000500 | ni:0/25
  [EM3] Ep 002 | Ω:0.598 A:0.703 A@.55:0.663 Score:0.3014 | LR:0.000500 | ni:0/25
  [EM3] Ep 003 | Ω:0.599 A:0.703 A@.55:0.662 Score:0.3021 | LR:0.000500 | ni:0/25
  [EM3] Ep 004 | Ω:0.596 A:0.703 A@.55:0.664 Score:0.2990 | LR:0.000500 | ni:0/25
  [EM3] Ep 005 | Ω:0.596 A:0.705 A@.55:0.665 Score:0.3010 | LR:0.000500 | ni:1/25
  [EM3] Ep 006 | Ω:0.599 A:0.703 A@.55:0.663 Score:0.3020 | LR:0.000500 | ni:2/25
  [EM3] Ep 007 | Ω:0.597 A:0.704 A@.55:0.665 Score:0.3016 | LR:0.000500 | ni:3/25
  [EM3] Ep 008 | Ω:0.597 A:0.703 A@.55:0.665 Score:0.3003 | LR:0.000500 | ni:4/25
  [EM3] Ep 009 | Ω:0.599 A:0.702 A@.55:0.663 Score:0.3006 | LR:0.000250 | ni:5/25
  [EM3] Ep 010 | Ω:0.599 A:0.703 A@.55:0.663 Score:0.3020 | LR:0.000250 | ni:6/25
  [EM3] Ep 011 | Ω:0.597 A:0.705 A@.55:0.665 Score:0.3011 | LR:0.000250 | ni:7/25
  [EM3] Ep 012 | Ω:0.596 A:0.705 A@.55:0.665 Score:0.3012 | LR:0.000250 | ni:8/25
  [EM3] Ep 013 | Ω:0.597 A:0.703 A@.55:0.663 Score:0.3005 | LR:0.000250 | ni:9/25
  [EM3] Ep 014 | Ω:0.598 A:0.703 A@.55:0.663 Score:0.3014 | LR:0.000250 | ni:10/25
  [EM3] Ep 015 | Ω:0.598 A:0.703 A@.55:0.662 Score:0.3011 | LR:0.000125 | ni:11/25
  [EM3] Ep 016 | Ω:0.598 A:0.703 A@.55:0.663 Score:0.3010 | LR:0.000125 | ni:12/25
  [EM3] Ep 017 | Ω:0.600 A:0.702 A@.55:0.660 Score:0.3012 | LR:0.000125 | ni:13/25
  [EM3] Ep 018 | Ω:0.599 A:0.700 A@.55:0.660 Score:0.2995 | LR:0.000125 | ni:14/25
  [EM3] Ep 019 | Ω:0.599 A:0.701 A@.55:0.663 Score:0.3002 | LR:0.000125 | ni:15/25
  [EM3] Ep 020 | Ω:0.599 A:0.701 A@.55:0.661 Score:0.3005 | LR:0.000125 | ni:16/25
  [EM3] Ep 021 | Ω:0.599 A:0.701 A@.55:0.661 Score:0.3000 | LR:0.000063 | ni:17/25
  [EM3] Ep 022 | Ω:0.598 A:0.703 A@.55:0.662 Score:0.3012 | LR:0.000063 | ni:18/25
  [EM3] Ep 023 | Ω:0.599 A:0.703 A@.55:0.662 Score:0.3012 | LR:0.000063 | ni:19/25
  [EM3] Ep 024 | Ω:0.598 A:0.702 A@.55:0.662 Score:0.3002 | LR:0.000063 | ni:20/25
  [EM3] Ep 025 | Ω:0.598 A:0.703 A@.55:0.661 Score:0.3010 | LR:0.000063 | ni:21/25
  [EM3] Ep 026 | Ω:0.599 A:0.701 A@.55:0.661 Score:0.3001 | LR:0.000063 | ni:22/25
  [EM3] Ep 027 | Ω:0.599 A:0.702 A@.55:0.661 Score:0.3005 | LR:0.000031 | ni:23/25
  [EM3] Ep 028 | Ω:0.598 A:0.702 A@.55:0.662 Score:0.3008 | LR:0.000031 | ni:24/25
  Early stopping at epoch 28
EM iter 3 best: Score=0.3021 Anti=0.7028 A@.55=0.6621

============================================================
EM Iteration 4/4
E-step: computing per-event weights from current model...
  Omega weight stats: mean=0.4499 min=0.0000 max=0.9803
  [EM4] Ep 001 | Ω:0.592 A:0.710 A@.55:0.673 Score:0.3024 | LR:0.000500 | ni:0/25
  [EM4] Ep 002 | Ω:0.591 A:0.708 A@.55:0.674 Score:0.2993 | LR:0.000500 | ni:0/25
  [EM4] Ep 003 | Ω:0.592 A:0.708 A@.55:0.673 Score:0.2996 | LR:0.000500 | ni:1/25
  [EM4] Ep 004 | Ω:0.590 A:0.708 A@.55:0.675 Score:0.2979 | LR:0.000500 | ni:2/25
  [EM4] Ep 005 | Ω:0.591 A:0.708 A@.55:0.675 Score:0.2986 | LR:0.000500 | ni:3/25
  [EM4] Ep 006 | Ω:0.590 A:0.709 A@.55:0.676 Score:0.2993 | LR:0.000500 | ni:4/25
  [EM4] Ep 007 | Ω:0.590 A:0.708 A@.55:0.676 Score:0.2980 | LR:0.000250 | ni:5/25
  [EM4] Ep 008 | Ω:0.590 A:0.710 A@.55:0.676 Score:0.2998 | LR:0.000250 | ni:6/25
  [EM4] Ep 009 | Ω:0.589 A:0.709 A@.55:0.677 Score:0.2984 | LR:0.000250 | ni:7/25
  [EM4] Ep 010 | Ω:0.590 A:0.710 A@.55:0.676 Score:0.2996 | LR:0.000250 | ni:8/25
  [EM4] Ep 011 | Ω:0.591 A:0.708 A@.55:0.675 Score:0.2992 | LR:0.000250 | ni:9/25
  [EM4] Ep 012 | Ω:0.590 A:0.709 A@.55:0.677 Score:0.2989 | LR:0.000250 | ni:10/25
  [EM4] Ep 013 | Ω:0.589 A:0.709 A@.55:0.677 Score:0.2983 | LR:0.000125 | ni:11/25
  [EM4] Ep 014 | Ω:0.589 A:0.710 A@.55:0.676 Score:0.2989 | LR:0.000125 | ni:12/25
  [EM4] Ep 015 | Ω:0.591 A:0.709 A@.55:0.674 Score:0.3001 | LR:0.000125 | ni:13/25
  [EM4] Ep 016 | Ω:0.592 A:0.708 A@.55:0.674 Score:0.2999 | LR:0.000125 | ni:14/25
  [EM4] Ep 017 | Ω:0.593 A:0.707 A@.55:0.673 Score:0.3004 | LR:0.000125 | ni:15/25
  [EM4] Ep 018 | Ω:0.594 A:0.706 A@.55:0.674 Score:0.3003 | LR:0.000125 | ni:16/25
  [EM4] Ep 019 | Ω:0.592 A:0.708 A@.55:0.675 Score:0.3007 | LR:0.000063 | ni:17/25
  [EM4] Ep 020 | Ω:0.592 A:0.709 A@.55:0.676 Score:0.3006 | LR:0.000063 | ni:18/25
  [EM4] Ep 021 | Ω:0.592 A:0.707 A@.55:0.676 Score:0.2987 | LR:0.000063 | ni:19/25
  [EM4] Ep 022 | Ω:0.592 A:0.706 A@.55:0.674 Score:0.2983 | LR:0.000063 | ni:20/25
  [EM4] Ep 023 | Ω:0.592 A:0.708 A@.55:0.675 Score:0.3000 | LR:0.000063 | ni:21/25
  [EM4] Ep 024 | Ω:0.592 A:0.708 A@.55:0.676 Score:0.3005 | LR:0.000063 | ni:22/25
  [EM4] Ep 025 | Ω:0.592 A:0.707 A@.55:0.675 Score:0.2989 | LR:0.000031 | ni:23/25
  [EM4] Ep 026 | Ω:0.594 A:0.706 A@.55:0.674 Score:0.2995 | LR:0.000031 | ni:24/25
  Early stopping at epoch 26
EM iter 4 best: Score=0.3024 Anti=0.7105 A@.55=0.6733

Global best score: 0.3124 → saved to models/omega_pseudolabel.pth
Log: logs/pl_run1.log
