Run 25 | features=['f_pt', 'k_star', 'd_y', 'd_phi', 'cos_theta_star', 'd_y_signed', 'o_y_abs'] | IN_CHANNELS=7 | D_MODEL=128
Dataset: 110758 Omega, 52934 Anti-Omega
Loss: per-class-mean BCE | target Anti recall: 0.90
EMA decay: 0.999
Model parameters: 274,754
Starting training...

Epoch 001 | O@A=0.90: 0.259 (t=0.37, A=0.900) | Argmax: O=0.695 A=0.577 Score=0.2728 | LR: 0.000500 | No-improve: 0/25
Epoch 002 | O@A=0.90: 0.289 (t=0.33, A=0.900) | Argmax: O=0.706 A=0.588 Score=0.2945 | LR: 0.000500 | No-improve: 0/25
Epoch 003 | O@A=0.90: 0.300 (t=0.32, A=0.900) | Argmax: O=0.685 A=0.621 Score=0.3059 | LR: 0.000500 | No-improve: 0/25
Epoch 004 | O@A=0.90: 0.312 (t=0.33, A=0.900) | Argmax: O=0.679 A=0.636 Score=0.3152 | LR: 0.000500 | No-improve: 0/25
Epoch 005 | O@A=0.90: 0.313 (t=0.33, A=0.900) | Argmax: O=0.674 A=0.646 Score=0.3197 | LR: 0.000500 | No-improve: 0/25
Epoch 006 | O@A=0.90: 0.318 (t=0.33, A=0.900) | Argmax: O=0.673 A=0.649 Score=0.3226 | LR: 0.000500 | No-improve: 0/25
Epoch 007 | O@A=0.90: 0.320 (t=0.33, A=0.900) | Argmax: O=0.673 A=0.652 Score=0.3251 | LR: 0.000500 | No-improve: 0/25
Epoch 008 | O@A=0.90: 0.319 (t=0.33, A=0.900) | Argmax: O=0.670 A=0.654 Score=0.3242 | LR: 0.000500 | No-improve: 0/25
Epoch 009 | O@A=0.90: 0.318 (t=0.33, A=0.900) | Argmax: O=0.675 A=0.651 Score=0.3268 | LR: 0.000500 | No-improve: 1/25
Epoch 010 | O@A=0.90: 0.324 (t=0.33, A=0.900) | Argmax: O=0.679 A=0.649 Score=0.3285 | LR: 0.000500 | No-improve: 2/25
Epoch 011 | O@A=0.90: 0.322 (t=0.33, A=0.900) | Argmax: O=0.676 A=0.655 Score=0.3305 | LR: 0.000500 | No-improve: 0/25
Epoch 012 | O@A=0.90: 0.323 (t=0.32, A=0.900) | Argmax: O=0.676 A=0.655 Score=0.3306 | LR: 0.000500 | No-improve: 1/25
Epoch 013 | O@A=0.90: 0.325 (t=0.32, A=0.900) | Argmax: O=0.683 A=0.649 Score=0.3324 | LR: 0.000500 | No-improve: 2/25
Epoch 014 | O@A=0.90: 0.326 (t=0.32, A=0.900) | Argmax: O=0.685 A=0.648 Score=0.3337 | LR: 0.000500 | No-improve: 0/25
Epoch 015 | O@A=0.90: 0.324 (t=0.32, A=0.900) | Argmax: O=0.690 A=0.644 Score=0.3337 | LR: 0.000500 | No-improve: 0/25
Epoch 016 | O@A=0.90: 0.324 (t=0.32, A=0.900) | Argmax: O=0.696 A=0.641 Score=0.3371 | LR: 0.000500 | No-improve: 1/25
Epoch 017 | O@A=0.90: 0.325 (t=0.32, A=0.900) | Argmax: O=0.698 A=0.638 Score=0.3358 | LR: 0.000500 | No-improve: 2/25
Epoch 018 | O@A=0.90: 0.328 (t=0.32, A=0.900) | Argmax: O=0.699 A=0.636 Score=0.3349 | LR: 0.000500 | No-improve: 3/25
Epoch 019 | O@A=0.90: 0.327 (t=0.31, A=0.900) | Argmax: O=0.706 A=0.632 Score=0.3376 | LR: 0.000500 | No-improve: 0/25
Epoch 020 | O@A=0.90: 0.324 (t=0.31, A=0.900) | Argmax: O=0.705 A=0.632 Score=0.3375 | LR: 0.000500 | No-improve: 1/25
Epoch 021 | O@A=0.90: 0.326 (t=0.32, A=0.900) | Argmax: O=0.697 A=0.642 Score=0.3387 | LR: 0.000500 | No-improve: 2/25
Epoch 022 | O@A=0.90: 0.327 (t=0.32, A=0.900) | Argmax: O=0.694 A=0.644 Score=0.3379 | LR: 0.000500 | No-improve: 3/25
Epoch 023 | O@A=0.90: 0.328 (t=0.31, A=0.900) | Argmax: O=0.703 A=0.635 Score=0.3379 | LR: 0.000500 | No-improve: 4/25
Epoch 024 | O@A=0.90: 0.328 (t=0.31, A=0.900) | Argmax: O=0.705 A=0.633 Score=0.3374 | LR: 0.000500 | No-improve: 0/25
Epoch 025 | O@A=0.90: 0.329 (t=0.31, A=0.900) | Argmax: O=0.704 A=0.635 Score=0.3386 | LR: 0.000500 | No-improve: 1/25
Epoch 026 | O@A=0.90: 0.330 (t=0.31, A=0.900) | Argmax: O=0.707 A=0.632 Score=0.3396 | LR: 0.000500 | No-improve: 0/25
Epoch 027 | O@A=0.90: 0.329 (t=0.31, A=0.900) | Argmax: O=0.706 A=0.633 Score=0.3392 | LR: 0.000500 | No-improve: 0/25
Epoch 028 | O@A=0.90: 0.328 (t=0.31, A=0.900) | Argmax: O=0.706 A=0.633 Score=0.3387 | LR: 0.000500 | No-improve: 1/25
Epoch 029 | O@A=0.90: 0.327 (t=0.31, A=0.900) | Argmax: O=0.706 A=0.631 Score=0.3367 | LR: 0.000500 | No-improve: 2/25
Epoch 030 | O@A=0.90: 0.328 (t=0.31, A=0.901) | Argmax: O=0.707 A=0.633 Score=0.3397 | LR: 0.000500 | No-improve: 3/25
Epoch 031 | O@A=0.90: 0.331 (t=0.31, A=0.900) | Argmax: O=0.711 A=0.627 Score=0.3376 | LR: 0.000500 | No-improve: 4/25
Epoch 032 | O@A=0.90: 0.331 (t=0.31, A=0.900) | Argmax: O=0.713 A=0.625 Score=0.3380 | LR: 0.000500 | No-improve: 0/25
Epoch 033 | O@A=0.90: 0.329 (t=0.31, A=0.900) | Argmax: O=0.711 A=0.626 Score=0.3376 | LR: 0.000500 | No-improve: 1/25
Epoch 034 | O@A=0.90: 0.330 (t=0.31, A=0.900) | Argmax: O=0.711 A=0.629 Score=0.3399 | LR: 0.000500 | No-improve: 2/25
Epoch 035 | O@A=0.90: 0.331 (t=0.31, A=0.900) | Argmax: O=0.710 A=0.629 Score=0.3395 | LR: 0.000500 | No-improve: 3/25
Epoch 036 | O@A=0.90: 0.330 (t=0.30, A=0.900) | Argmax: O=0.713 A=0.625 Score=0.3381 | LR: 0.000500 | No-improve: 4/25
Epoch 037 | O@A=0.90: 0.332 (t=0.31, A=0.900) | Argmax: O=0.713 A=0.626 Score=0.3388 | LR: 0.000500 | No-improve: 5/25
Epoch 038 | O@A=0.90: 0.332 (t=0.31, A=0.900) | Argmax: O=0.710 A=0.629 Score=0.3394 | LR: 0.000500 | No-improve: 0/25
Epoch 039 | O@A=0.90: 0.329 (t=0.30, A=0.900) | Argmax: O=0.707 A=0.632 Score=0.3388 | LR: 0.000500 | No-improve: 0/25
Epoch 040 | O@A=0.90: 0.331 (t=0.30, A=0.900) | Argmax: O=0.715 A=0.625 Score=0.3401 | LR: 0.000500 | No-improve: 1/25
Epoch 041 | O@A=0.90: 0.335 (t=0.30, A=0.899) | Argmax: O=0.716 A=0.623 Score=0.3386 | LR: 0.000500 | No-improve: 2/25
Epoch 042 | O@A=0.90: 0.332 (t=0.30, A=0.899) | Argmax: O=0.719 A=0.621 Score=0.3394 | LR: 0.000500 | No-improve: 0/25
Epoch 043 | O@A=0.90: 0.333 (t=0.30, A=0.900) | Argmax: O=0.718 A=0.620 Score=0.3383 | LR: 0.000500 | No-improve: 1/25
Epoch 044 | O@A=0.90: 0.334 (t=0.30, A=0.900) | Argmax: O=0.720 A=0.620 Score=0.3392 | LR: 0.000500 | No-improve: 2/25
Epoch 045 | O@A=0.90: 0.331 (t=0.30, A=0.900) | Argmax: O=0.719 A=0.621 Score=0.3401 | LR: 0.000500 | No-improve: 3/25
Epoch 046 | O@A=0.90: 0.333 (t=0.30, A=0.900) | Argmax: O=0.714 A=0.626 Score=0.3398 | LR: 0.000500 | No-improve: 4/25
Epoch 047 | O@A=0.90: 0.331 (t=0.30, A=0.900) | Argmax: O=0.715 A=0.625 Score=0.3396 | LR: 0.000250 | No-improve: 5/25
Epoch 048 | O@A=0.90: 0.333 (t=0.29, A=0.900) | Argmax: O=0.717 A=0.623 Score=0.3404 | LR: 0.000250 | No-improve: 6/25
Epoch 049 | O@A=0.90: 0.329 (t=0.29, A=0.900) | Argmax: O=0.717 A=0.624 Score=0.3410 | LR: 0.000250 | No-improve: 7/25
Epoch 050 | O@A=0.90: 0.330 (t=0.29, A=0.900) | Argmax: O=0.719 A=0.623 Score=0.3416 | LR: 0.000250 | No-improve: 8/25
Epoch 051 | O@A=0.90: 0.333 (t=0.29, A=0.900) | Argmax: O=0.718 A=0.624 Score=0.3414 | LR: 0.000250 | No-improve: 9/25
Epoch 052 | O@A=0.90: 0.332 (t=0.29, A=0.900) | Argmax: O=0.717 A=0.625 Score=0.3418 | LR: 0.000250 | No-improve: 10/25
Epoch 053 | O@A=0.90: 0.332 (t=0.29, A=0.900) | Argmax: O=0.718 A=0.622 Score=0.3405 | LR: 0.000125 | No-improve: 11/25
Epoch 054 | O@A=0.90: 0.331 (t=0.28, A=0.900) | Argmax: O=0.719 A=0.622 Score=0.3408 | LR: 0.000125 | No-improve: 12/25
Epoch 055 | O@A=0.90: 0.334 (t=0.28, A=0.900) | Argmax: O=0.722 A=0.618 Score=0.3401 | LR: 0.000125 | No-improve: 13/25
Epoch 056 | O@A=0.90: 0.331 (t=0.28, A=0.900) | Argmax: O=0.721 A=0.620 Score=0.3408 | LR: 0.000125 | No-improve: 14/25
Epoch 057 | O@A=0.90: 0.332 (t=0.28, A=0.900) | Argmax: O=0.719 A=0.621 Score=0.3394 | LR: 0.000125 | No-improve: 15/25
Epoch 058 | O@A=0.90: 0.331 (t=0.28, A=0.900) | Argmax: O=0.718 A=0.622 Score=0.3393 | LR: 0.000125 | No-improve: 16/25
Epoch 059 | O@A=0.90: 0.332 (t=0.28, A=0.900) | Argmax: O=0.719 A=0.620 Score=0.3398 | LR: 0.000063 | No-improve: 17/25
Epoch 060 | O@A=0.90: 0.334 (t=0.28, A=0.900) | Argmax: O=0.719 A=0.620 Score=0.3395 | LR: 0.000063 | No-improve: 18/25
Epoch 061 | O@A=0.90: 0.332 (t=0.28, A=0.900) | Argmax: O=0.718 A=0.620 Score=0.3381 | LR: 0.000063 | No-improve: 19/25
Epoch 062 | O@A=0.90: 0.334 (t=0.28, A=0.900) | Argmax: O=0.718 A=0.620 Score=0.3385 | LR: 0.000063 | No-improve: 20/25
Epoch 063 | O@A=0.90: 0.332 (t=0.28, A=0.900) | Argmax: O=0.718 A=0.620 Score=0.3388 | LR: 0.000063 | No-improve: 21/25
Epoch 064 | O@A=0.90: 0.333 (t=0.28, A=0.900) | Argmax: O=0.719 A=0.618 Score=0.3368 | LR: 0.000063 | No-improve: 22/25
Epoch 065 | O@A=0.90: 0.331 (t=0.28, A=0.900) | Argmax: O=0.718 A=0.619 Score=0.3367 | LR: 0.000031 | No-improve: 23/25
Epoch 066 | O@A=0.90: 0.330 (t=0.28, A=0.900) | Argmax: O=0.717 A=0.621 Score=0.3378 | LR: 0.000031 | No-improve: 24/25

Early stopping: no improvement for 25 epochs.

Best Omega recall @ Anti=0.90: 0.3345  →  saved to models/omega_transformer.pth
Log saved to logs/train_run25.log
