Run 20 | features=['k_star', 'cos_theta_star'] | IN_CHANNELS=2 | D_MODEL=128
Dataset: 110758 Omega, 52934 Anti-Omega
Loss: per-class-mean BCE
EMA decay: 0.999
Model parameters: 274,114
Starting training...

Epoch 001 | Omega Rec: 0.755 | Anti Rec: 0.332 | A@0.55: 0.025 | Score: 0.0873 | LR: 0.000500 | No-improve: 0/25
Epoch 002 | Omega Rec: 0.577 | Anti Rec: 0.545 | A@0.55: 0.257 | Score: 0.1219 | LR: 0.000500 | No-improve: 0/25
Epoch 003 | Omega Rec: 0.525 | Anti Rec: 0.612 | A@0.55: 0.374 | Score: 0.1367 | LR: 0.000500 | No-improve: 0/25
Epoch 004 | Omega Rec: 0.531 | Anti Rec: 0.609 | A@0.55: 0.391 | Score: 0.1395 | LR: 0.000500 | No-improve: 0/25
Epoch 005 | Omega Rec: 0.546 | Anti Rec: 0.598 | A@0.55: 0.389 | Score: 0.1435 | LR: 0.000500 | No-improve: 0/25
Epoch 006 | Omega Rec: 0.538 | Anti Rec: 0.605 | A@0.55: 0.401 | Score: 0.1428 | LR: 0.000500 | No-improve: 0/25
Epoch 007 | Omega Rec: 0.548 | Anti Rec: 0.597 | A@0.55: 0.398 | Score: 0.1451 | LR: 0.000500 | No-improve: 1/25
Epoch 008 | Omega Rec: 0.551 | Anti Rec: 0.592 | A@0.55: 0.398 | Score: 0.1428 | LR: 0.000500 | No-improve: 0/25
Epoch 009 | Omega Rec: 0.545 | Anti Rec: 0.602 | A@0.55: 0.405 | Score: 0.1473 | LR: 0.000500 | No-improve: 1/25
Epoch 010 | Omega Rec: 0.557 | Anti Rec: 0.593 | A@0.55: 0.397 | Score: 0.1499 | LR: 0.000500 | No-improve: 0/25
Epoch 011 | Omega Rec: 0.554 | Anti Rec: 0.598 | A@0.55: 0.406 | Score: 0.1526 | LR: 0.000500 | No-improve: 0/25
Epoch 012 | Omega Rec: 0.551 | Anti Rec: 0.599 | A@0.55: 0.409 | Score: 0.1501 | LR: 0.000500 | No-improve: 0/25
Epoch 013 | Omega Rec: 0.558 | Anti Rec: 0.593 | A@0.55: 0.405 | Score: 0.1515 | LR: 0.000500 | No-improve: 1/25
Epoch 014 | Omega Rec: 0.557 | Anti Rec: 0.594 | A@0.55: 0.410 | Score: 0.1510 | LR: 0.000500 | No-improve: 2/25
Epoch 015 | Omega Rec: 0.551 | Anti Rec: 0.599 | A@0.55: 0.417 | Score: 0.1500 | LR: 0.000500 | No-improve: 3/25
Epoch 016 | Omega Rec: 0.547 | Anti Rec: 0.602 | A@0.55: 0.419 | Score: 0.1493 | LR: 0.000500 | No-improve: 4/25
Epoch 017 | Omega Rec: 0.541 | Anti Rec: 0.612 | A@0.55: 0.425 | Score: 0.1527 | LR: 0.000500 | No-improve: 5/25
Epoch 018 | Omega Rec: 0.536 | Anti Rec: 0.615 | A@0.55: 0.432 | Score: 0.1514 | LR: 0.000500 | No-improve: 0/25
Epoch 019 | Omega Rec: 0.544 | Anti Rec: 0.606 | A@0.55: 0.424 | Score: 0.1498 | LR: 0.000500 | No-improve: 1/25
Epoch 020 | Omega Rec: 0.541 | Anti Rec: 0.609 | A@0.55: 0.429 | Score: 0.1504 | LR: 0.000500 | No-improve: 2/25
Epoch 021 | Omega Rec: 0.542 | Anti Rec: 0.608 | A@0.55: 0.429 | Score: 0.1503 | LR: 0.000500 | No-improve: 3/25
Epoch 022 | Omega Rec: 0.546 | Anti Rec: 0.605 | A@0.55: 0.425 | Score: 0.1512 | LR: 0.000500 | No-improve: 4/25
Epoch 023 | Omega Rec: 0.551 | Anti Rec: 0.598 | A@0.55: 0.415 | Score: 0.1487 | LR: 0.000250 | No-improve: 5/25
Epoch 024 | Omega Rec: 0.560 | Anti Rec: 0.592 | A@0.55: 0.416 | Score: 0.1525 | LR: 0.000250 | No-improve: 6/25
Epoch 025 | Omega Rec: 0.558 | Anti Rec: 0.598 | A@0.55: 0.422 | Score: 0.1565 | LR: 0.000250 | No-improve: 7/25
Epoch 026 | Omega Rec: 0.554 | Anti Rec: 0.602 | A@0.55: 0.426 | Score: 0.1556 | LR: 0.000250 | No-improve: 0/25
Epoch 027 | Omega Rec: 0.555 | Anti Rec: 0.598 | A@0.55: 0.425 | Score: 0.1533 | LR: 0.000250 | No-improve: 1/25
Epoch 028 | Omega Rec: 0.557 | Anti Rec: 0.597 | A@0.55: 0.423 | Score: 0.1537 | LR: 0.000250 | No-improve: 2/25
Epoch 029 | Omega Rec: 0.556 | Anti Rec: 0.596 | A@0.55: 0.427 | Score: 0.1525 | LR: 0.000250 | No-improve: 3/25
Epoch 030 | Omega Rec: 0.559 | Anti Rec: 0.595 | A@0.55: 0.425 | Score: 0.1540 | LR: 0.000250 | No-improve: 4/25
Epoch 031 | Omega Rec: 0.558 | Anti Rec: 0.596 | A@0.55: 0.425 | Score: 0.1542 | LR: 0.000125 | No-improve: 5/25
Epoch 032 | Omega Rec: 0.565 | Anti Rec: 0.590 | A@0.55: 0.423 | Score: 0.1552 | LR: 0.000125 | No-improve: 6/25
Epoch 033 | Omega Rec: 0.567 | Anti Rec: 0.588 | A@0.55: 0.424 | Score: 0.1542 | LR: 0.000125 | No-improve: 7/25
Epoch 034 | Omega Rec: 0.567 | Anti Rec: 0.589 | A@0.55: 0.423 | Score: 0.1562 | LR: 0.000125 | No-improve: 8/25
Epoch 035 | Omega Rec: 0.564 | Anti Rec: 0.591 | A@0.55: 0.426 | Score: 0.1548 | LR: 0.000125 | No-improve: 9/25
Epoch 036 | Omega Rec: 0.565 | Anti Rec: 0.589 | A@0.55: 0.427 | Score: 0.1534 | LR: 0.000125 | No-improve: 10/25
Epoch 037 | Omega Rec: 0.562 | Anti Rec: 0.591 | A@0.55: 0.429 | Score: 0.1531 | LR: 0.000063 | No-improve: 11/25
Epoch 038 | Omega Rec: 0.566 | Anti Rec: 0.588 | A@0.55: 0.427 | Score: 0.1538 | LR: 0.000063 | No-improve: 12/25
Epoch 039 | Omega Rec: 0.562 | Anti Rec: 0.591 | A@0.55: 0.426 | Score: 0.1529 | LR: 0.000063 | No-improve: 13/25
Epoch 040 | Omega Rec: 0.563 | Anti Rec: 0.590 | A@0.55: 0.426 | Score: 0.1533 | LR: 0.000063 | No-improve: 14/25
Epoch 041 | Omega Rec: 0.565 | Anti Rec: 0.588 | A@0.55: 0.426 | Score: 0.1525 | LR: 0.000063 | No-improve: 15/25
Epoch 042 | Omega Rec: 0.564 | Anti Rec: 0.591 | A@0.55: 0.428 | Score: 0.1547 | LR: 0.000063 | No-improve: 16/25
Epoch 043 | Omega Rec: 0.565 | Anti Rec: 0.589 | A@0.55: 0.425 | Score: 0.1537 | LR: 0.000031 | No-improve: 17/25
Epoch 044 | Omega Rec: 0.566 | Anti Rec: 0.588 | A@0.55: 0.422 | Score: 0.1544 | LR: 0.000031 | No-improve: 18/25
Epoch 045 | Omega Rec: 0.565 | Anti Rec: 0.589 | A@0.55: 0.424 | Score: 0.1539 | LR: 0.000031 | No-improve: 19/25
Epoch 046 | Omega Rec: 0.565 | Anti Rec: 0.588 | A@0.55: 0.426 | Score: 0.1532 | LR: 0.000031 | No-improve: 20/25
Epoch 047 | Omega Rec: 0.563 | Anti Rec: 0.590 | A@0.55: 0.428 | Score: 0.1535 | LR: 0.000031 | No-improve: 21/25
Epoch 048 | Omega Rec: 0.564 | Anti Rec: 0.589 | A@0.55: 0.426 | Score: 0.1528 | LR: 0.000031 | No-improve: 22/25
Epoch 049 | Omega Rec: 0.563 | Anti Rec: 0.591 | A@0.55: 0.427 | Score: 0.1538 | LR: 0.000016 | No-improve: 23/25
Epoch 050 | Omega Rec: 0.562 | Anti Rec: 0.592 | A@0.55: 0.428 | Score: 0.1533 | LR: 0.000016 | No-improve: 24/25

Early stopping: no improvement for 25 epochs.

Best Score: 0.1565 | Anti (argmax): 0.5983 | A@0.55: 0.4224  →  saved to models/omega_transformer.pth
Log saved to logs/train_run20.log
